#
# There is insufficient memory for the Java Runtime Environment to continue.
# Native memory allocation (mmap) failed to map 141557760 bytes for Failed to commit area from 0x000000008b700000 to 0x0000000093e00000 of length 141557760.
# Possible reasons:
#   The system is out of physical RAM or swap space
#   The process is running with CompressedOops enabled, and the Java Heap may be blocking the growth of the native heap
# Possible solutions:
#   Reduce memory load on the system
#   Increase physical memory or swap space
#   Check if swap backing store is full
#   Decrease Java heap size (-Xmx/-Xms)
#   Decrease number of Java threads
#   Decrease Java thread stack sizes (-Xss)
#   Set larger code cache with -XX:ReservedCodeCacheSize=
#   JVM is running with Unscaled Compressed Oops mode in which the Java heap is
#     placed in the first 4GB address space. The Java Heap base address is the
#     maximum limit for the native heap growth. Please use -XX:HeapBaseMinAddress
#     to set the Java Heap base and to place the Java Heap above 4GB virtual address.
# This output file may be truncated or incomplete.
#
#  Out of Memory Error (./src/hotspot/os/windows/os_windows.cpp:3301), pid=20120, tid=15708
#
# JRE version: OpenJDK Runtime Environment (11.0.11+9) (build 11.0.11+9-b60-7590822)
# Java VM: OpenJDK 64-Bit Server VM (11.0.11+9-b60-7590822, mixed mode, tiered, compressed oops, g1 gc, windows-amd64)
# No core dump will be written. Minidumps are not enabled by default on client versions of Windows
#

---------------  S U M M A R Y ------------

Command Line: --add-opens=java.base/java.util=ALL-UNNAMED --add-opens=java.base/java.lang=ALL-UNNAMED --add-opens=java.base/java.lang.invoke=ALL-UNNAMED --add-opens=java.base/java.util=ALL-UNNAMED --add-opens=java.prefs/java.util.prefs=ALL-UNNAMED --add-opens=java.prefs/java.util.prefs=ALL-UNNAMED --add-opens=java.base/java.nio.charset=ALL-UNNAMED --add-opens=java.base/java.net=ALL-UNNAMED --add-opens=java.base/java.util.concurrent.atomic=ALL-UNNAMED -Xmx2048m -Dfile.encoding=UTF-8 -Duser.country=PE -Duser.language=es -Duser.variant org.gradle.launcher.daemon.bootstrap.GradleDaemon 7.2

Host: Intel(R) Core(TM) i5-10300H CPU @ 2.50GHz, 8 cores, 7G,  Windows 10 , 64 bit Build 19041 (10.0.19041.1645)
Time: Thu May  5 21:09:57 2022 Hora est. Pacífico, Sudamérica elapsed time: 69.498731 seconds (0d 0h 1m 9s)

---------------  T H R E A D  ---------------

Current thread (0x000001e935d8d800):  VMThread "VM Thread" [stack: 0x0000001187500000,0x0000001187600000] [id=15708]

Stack: [0x0000001187500000,0x0000001187600000]
[error occurred during error reporting (printing stack bounds), id 0xc0000005, EXCEPTION_ACCESS_VIOLATION (0xc0000005) at pc=0x000001e91f420f2d]

Native frames: (J=compiled Java code, j=interpreted, Vv=VM code, C=native code)
V  [jvm.dll+0x5f214a]
V  [jvm.dll+0x726fb5]
V  [jvm.dll+0x7285cd]
V  [jvm.dll+0x728be5]
V  [jvm.dll+0x728b9b]
V  [jvm.dll+0x5f14e8]
V  [jvm.dll+0x5f1c78]
C  [ntdll.dll+0xa20cf]
C  [ntdll.dll+0x51454]
C  [ntdll.dll+0xa0bfe]
C  0x000001e91f420f2d

VM_Operation (0x00000011902f71c0): G1CollectForAllocation, mode: safepoint, requested by thread 0x000001e93ceee000


---------------  P R O C E S S  ---------------

Threads class SMR info:
_java_thread_list=0x000001e93f8a52a0, length=146, elements={
0x000001e91b91c000, 0x000001e935d92800, 0x000001e935d9c000, 0x000001e936735800,
0x000001e936738000, 0x000001e93673a000, 0x000001e93673f000, 0x000001e936740800,
0x000001e93674a800, 0x000001e93687e000, 0x000001e9382b8800, 0x000001e938979800,
0x000001e937d13800, 0x000001e9374df800, 0x000001e9374dd000, 0x000001e937b84800,
0x000001e937b85000, 0x000001e9374ec800, 0x000001e9374ee000, 0x000001e9374fa800,
0x000001e9374fb000, 0x000001e9374fc000, 0x000001e9374f8000, 0x000001e9374f6000,
0x000001e9374fc800, 0x000001e9374f7000, 0x000001e9374f8800, 0x000001e9374f9800,
0x000001e938b9f800, 0x000001e938ba0000, 0x000001e938ba2000, 0x000001e938ba1000,
0x000001e938b9d000, 0x000001e938ba3800, 0x000001e938b9e800, 0x000001e938b9d800,
0x000001e938ba5000, 0x000001e938ba7800, 0x000001e938ba8800, 0x000001e938ba6000,
0x000001e938ba9000, 0x000001e938ba6800, 0x000001e938baa000, 0x000001e938ba4000,
0x000001e938baa800, 0x000001e93b03b000, 0x000001e93b040000, 0x000001e93b03d800,
0x000001e93b03c000, 0x000001e93b03e800, 0x000001e93b041000, 0x000001e93b042800,
0x000001e93b03f800, 0x000001e93b042000, 0x000001e93b03d000, 0x000001e93b046800,
0x000001e93b047800, 0x000001e93b043800, 0x000001e93b048800, 0x000001e93b046000,
0x000001e93b049000, 0x000001e93b04a000, 0x000001e93b044000, 0x000001e93b045000,
0x000001e939252000, 0x000001e93924e800, 0x000001e93924d000, 0x000001e939251000,
0x000001e939253800, 0x000001e93924f800, 0x000001e93924d800, 0x000001e939255000,
0x000001e939254800, 0x000001e939256000, 0x000001e939252800, 0x000001e939250000,
0x000001e939259000, 0x000001e93925a000, 0x000001e93925b800, 0x000001e939256800,
0x000001e93925b000, 0x000001e939257800, 0x000001e939258800, 0x000001e9372a1800,
0x000001e9372a2800, 0x000001e9372a0800, 0x000001e93729e800, 0x000001e9372a0000,
0x000001e9372a5000, 0x000001e93729f000, 0x000001e9372a6800, 0x000001e9372a8000,
0x000001e9372a7800, 0x000001e9372a5800, 0x000001e9372a9000, 0x000001e9372a3000,
0x000001e9372a9800, 0x000001e9372a4000, 0x000001e9372aa800, 0x000001e9372ac000,
0x000001e9372ad000, 0x000001e9372ab800, 0x000001e93c6d9800, 0x000001e93c6dd800,
0x000001e93c6dc000, 0x000001e93c6da800, 0x000001e93c6de800, 0x000001e93c6d9000,
0x000001e93c6e1000, 0x000001e93c6df800, 0x000001e93c6e0000, 0x000001e93c6db000,
0x000001e93c6e1800, 0x000001e93c6dd000, 0x000001e93c6e7800, 0x000001e93c6e4000,
0x000001e93c6e6000, 0x000001e93c6e3800, 0x000001e93c6e6800, 0x000001e93c6e5000,
0x000001e93c6e2800, 0x000001e93cee5000, 0x000001e93cee7800, 0x000001e93cee8800,
0x000001e93cee6000, 0x000001e93cee9000, 0x000001e93cee6800, 0x000001e93ceea000,
0x000001e93cee4000, 0x000001e93ceed000, 0x000001e93ceee000, 0x000001e93ceef800,
0x000001e93ceef000, 0x000001e93cef0800, 0x000001e93ceeb000, 0x000001e93ceec800,
0x000001e93cef1800, 0x000001e93ceeb800, 0x000001e93cef2000, 0x000001e93cef3000,
0x000001e93f7a5000, 0x000001e93f7a5800, 0x000001e93f7a4000, 0x000001e93f7a3800,
0x000001e93f7a2800, 0x000001e93f7a1800
}

Java Threads: ( => current thread )
  0x000001e91b91c000 JavaThread "main" [_thread_blocked, id=9664, stack(0x0000001186f00000,0x0000001187000000)]
  0x000001e935d92800 JavaThread "Reference Handler" daemon [_thread_blocked, id=21188, stack(0x0000001187600000,0x0000001187700000)]
  0x000001e935d9c000 JavaThread "Finalizer" daemon [_thread_blocked, id=5044, stack(0x0000001187700000,0x0000001187800000)]
  0x000001e936735800 JavaThread "Signal Dispatcher" daemon [_thread_blocked, id=23744, stack(0x0000001187800000,0x0000001187900000)]
  0x000001e936738000 JavaThread "Attach Listener" daemon [_thread_blocked, id=1252, stack(0x0000001187900000,0x0000001187a00000)]
  0x000001e93673a000 JavaThread "Service Thread" daemon [_thread_blocked, id=24096, stack(0x0000001187a00000,0x0000001187b00000)]
  0x000001e93673f000 JavaThread "C2 CompilerThread0" daemon [_thread_blocked, id=19012, stack(0x0000001187b00000,0x0000001187c00000)]
  0x000001e936740800 JavaThread "C1 CompilerThread0" daemon [_thread_blocked, id=17428, stack(0x0000001187c00000,0x0000001187d00000)]
  0x000001e93674a800 JavaThread "Sweeper thread" daemon [_thread_blocked, id=10140, stack(0x0000001187d00000,0x0000001187e00000)]
  0x000001e93687e000 JavaThread "Common-Cleaner" daemon [_thread_blocked, id=24212, stack(0x0000001187e00000,0x0000001187f00000)]
  0x000001e9382b8800 JavaThread "Daemon health stats" [_thread_blocked, id=17656, stack(0x0000001188200000,0x0000001188300000)]
  0x000001e938979800 JavaThread "Incoming local TCP Connector on port 56357" [_thread_in_native, id=24108, stack(0x0000001188300000,0x0000001188400000)]
  0x000001e937d13800 JavaThread "Daemon periodic checks" [_thread_blocked, id=12056, stack(0x0000001188400000,0x0000001188500000)]
  0x000001e9374df800 JavaThread "Daemon" [_thread_blocked, id=23236, stack(0x0000001188500000,0x0000001188600000)]
  0x000001e9374dd000 JavaThread "Handler for socket connection from /127.0.0.1:56357 to /127.0.0.1:56374" [_thread_in_native, id=15752, stack(0x0000001188600000,0x0000001188700000)]
  0x000001e937b84800 JavaThread "Cancel handler" [_thread_blocked, id=15928, stack(0x0000001188700000,0x0000001188800000)]
  0x000001e937b85000 JavaThread "Daemon worker" [_thread_blocked, id=24128, stack(0x0000001188800000,0x0000001188900000)]
  0x000001e9374ec800 JavaThread "Asynchronous log dispatcher for DefaultDaemonConnection: socket connection from /127.0.0.1:56357 to /127.0.0.1:56374" [_thread_blocked, id=8228, stack(0x0000001188900000,0x0000001188a00000)]
  0x000001e9374ee000 JavaThread "Stdin handler" [_thread_blocked, id=1412, stack(0x0000001188a00000,0x0000001188b00000)]
  0x000001e9374fa800 JavaThread "Daemon client event forwarder" [_thread_blocked, id=2660, stack(0x0000001188b00000,0x0000001188c00000)]
  0x000001e9374fb000 JavaThread "Cache worker for journal cache (C:\Users\Alex\.gradle\caches\journal-1)" [_thread_blocked, id=20840, stack(0x0000001189100000,0x0000001189200000)]
  0x000001e9374fc000 JavaThread "File lock request listener" [_thread_in_native, id=22736, stack(0x0000001189200000,0x0000001189300000)]
  0x000001e9374f8000 JavaThread "Cache worker for file hash cache (C:\Users\Alex\.gradle\caches\7.2\fileHashes)" [_thread_blocked, id=3212, stack(0x0000001189300000,0x0000001189400000)]
  0x000001e9374f6000 JavaThread "Cache worker for file hash cache (C:\Users\Alex\AndroidStudioProjects\AppMagnoServices\.gradle\7.2\fileHashes)" [_thread_blocked, id=21484, stack(0x0000001189500000,0x0000001189600000)]
  0x000001e9374fc800 JavaThread "File watcher server" daemon [_thread_blocked, id=9364, stack(0x0000001189600000,0x0000001189700000)]
  0x000001e9374f7000 JavaThread "File watcher consumer" daemon [_thread_blocked, id=24296, stack(0x0000001189700000,0x0000001189800000)]
  0x000001e9374f8800 JavaThread "Cache worker for checksums cache (C:\Users\Alex\AndroidStudioProjects\AppMagnoServices\.gradle\checksums)" [_thread_blocked, id=22640, stack(0x0000001189800000,0x0000001189900000)]
  0x000001e9374f9800 JavaThread "Cache worker for cache directory md-supplier (C:\Users\Alex\.gradle\caches\7.2\md-supplier)" [_thread_blocked, id=22720, stack(0x0000001189900000,0x0000001189a00000)]
  0x000001e938b9f800 JavaThread "Cache worker for cache directory md-rule (C:\Users\Alex\.gradle\caches\7.2\md-rule)" [_thread_blocked, id=23700, stack(0x0000001189a00000,0x0000001189b00000)]
  0x000001e938ba0000 JavaThread "Cache worker for execution history cache (C:\Users\Alex\.gradle\caches\7.2\executionHistory)" [_thread_blocked, id=24044, stack(0x0000001189b00000,0x0000001189c00000)]
  0x000001e938ba2000 JavaThread "jar transforms" [_thread_blocked, id=23724, stack(0x0000001189c00000,0x0000001189d00000)]
  0x000001e938ba1000 JavaThread "Cache worker for file content cache (C:\Users\Alex\.gradle\caches\7.2\fileContent)" [_thread_blocked, id=14568, stack(0x0000001189d00000,0x0000001189e00000)]
  0x000001e938b9d000 JavaThread "jar transforms Thread 2" [_thread_blocked, id=23788, stack(0x0000001189e00000,0x0000001189f00000)]
  0x000001e938ba3800 JavaThread "Cache worker for dependencies-accessors (C:\Users\Alex\AndroidStudioProjects\AppMagnoServices\.gradle\7.2\dependencies-accessors)" [_thread_blocked, id=19512, stack(0x0000001189f00000,0x000000118a000000)]
  0x000001e938b9e800 JavaThread "jar transforms Thread 3" [_thread_blocked, id=8784, stack(0x000000118a000000,0x000000118a100000)]
  0x000001e938b9d800 JavaThread "Cache worker for Build Output Cleanup Cache (C:\Users\Alex\AndroidStudioProjects\AppMagnoServices\.gradle\buildOutputCleanup)" [_thread_blocked, id=22056, stack(0x000000118a100000,0x000000118a200000)]
  0x000001e938ba5000 JavaThread "Unconstrained build operations" [_thread_blocked, id=23652, stack(0x000000118a200000,0x000000118a300000)]
  0x000001e938ba7800 JavaThread "Unconstrained build operations Thread 2" [_thread_blocked, id=21880, stack(0x000000118a300000,0x000000118a400000)]
  0x000001e938ba8800 JavaThread "Unconstrained build operations Thread 3" [_thread_blocked, id=18204, stack(0x000000118a400000,0x000000118a500000)]
  0x000001e938ba6000 JavaThread "Unconstrained build operations Thread 4" [_thread_blocked, id=24252, stack(0x000000118a500000,0x000000118a600000)]
  0x000001e938ba9000 JavaThread "Unconstrained build operations Thread 5" [_thread_blocked, id=23816, stack(0x000000118a600000,0x000000118a700000)]
  0x000001e938ba6800 JavaThread "Unconstrained build operations Thread 6" [_thread_blocked, id=24440, stack(0x000000118a700000,0x000000118a800000)]
  0x000001e938baa000 JavaThread "Unconstrained build operations Thread 7" [_thread_blocked, id=21492, stack(0x000000118a800000,0x000000118a900000)]
  0x000001e938ba4000 JavaThread "Unconstrained build operations Thread 8" [_thread_blocked, id=24312, stack(0x000000118a900000,0x000000118aa00000)]
  0x000001e938baa800 JavaThread "Unconstrained build operations Thread 9" [_thread_blocked, id=19764, stack(0x000000118aa00000,0x000000118ab00000)]
  0x000001e93b03b000 JavaThread "Unconstrained build operations Thread 10" [_thread_blocked, id=24124, stack(0x000000118ab00000,0x000000118ac00000)]
  0x000001e93b040000 JavaThread "Unconstrained build operations Thread 11" [_thread_blocked, id=8304, stack(0x000000118ac00000,0x000000118ad00000)]
  0x000001e93b03d800 JavaThread "Unconstrained build operations Thread 12" [_thread_blocked, id=21052, stack(0x000000118ad00000,0x000000118ae00000)]
  0x000001e93b03c000 JavaThread "Unconstrained build operations Thread 13" [_thread_blocked, id=23824, stack(0x000000118ae00000,0x000000118af00000)]
  0x000001e93b03e800 JavaThread "Unconstrained build operations Thread 14" [_thread_blocked, id=22908, stack(0x000000118af00000,0x000000118b000000)]
  0x000001e93b041000 JavaThread "Unconstrained build operations Thread 15" [_thread_blocked, id=13684, stack(0x000000118b000000,0x000000118b100000)]
  0x000001e93b042800 JavaThread "Unconstrained build operations Thread 16" [_thread_blocked, id=23696, stack(0x000000118b100000,0x000000118b200000)]
  0x000001e93b03f800 JavaThread "Unconstrained build operations Thread 17" [_thread_blocked, id=6856, stack(0x000000118b200000,0x000000118b300000)]
  0x000001e93b042000 JavaThread "Unconstrained build operations Thread 18" [_thread_blocked, id=23916, stack(0x000000118b300000,0x000000118b400000)]
  0x000001e93b03d000 JavaThread "Unconstrained build operations Thread 19" [_thread_blocked, id=19800, stack(0x000000118b400000,0x000000118b500000)]
  0x000001e93b046800 JavaThread "Unconstrained build operations Thread 20" [_thread_blocked, id=10284, stack(0x000000118b500000,0x000000118b600000)]
  0x000001e93b047800 JavaThread "Unconstrained build operations Thread 21" [_thread_blocked, id=15536, stack(0x000000118b600000,0x000000118b700000)]
  0x000001e93b043800 JavaThread "Unconstrained build operations Thread 22" [_thread_blocked, id=23924, stack(0x000000118b700000,0x000000118b800000)]
  0x000001e93b048800 JavaThread "Unconstrained build operations Thread 23" [_thread_blocked, id=17236, stack(0x000000118b800000,0x000000118b900000)]
  0x000001e93b046000 JavaThread "Unconstrained build operations Thread 24" [_thread_blocked, id=23620, stack(0x000000118b900000,0x000000118ba00000)]
  0x000001e93b049000 JavaThread "Unconstrained build operations Thread 25" [_thread_blocked, id=13304, stack(0x000000118ba00000,0x000000118bb00000)]
  0x000001e93b04a000 JavaThread "Unconstrained build operations Thread 26" [_thread_blocked, id=24416, stack(0x000000118bb00000,0x000000118bc00000)]
  0x000001e93b044000 JavaThread "Unconstrained build operations Thread 27" [_thread_blocked, id=21552, stack(0x000000118bc00000,0x000000118bd00000)]
  0x000001e93b045000 JavaThread "Unconstrained build operations Thread 28" [_thread_blocked, id=17772, stack(0x000000118bd00000,0x000000118be00000)]
  0x000001e939252000 JavaThread "Unconstrained build operations Thread 29" [_thread_blocked, id=19612, stack(0x000000118be00000,0x000000118bf00000)]
  0x000001e93924e800 JavaThread "Unconstrained build operations Thread 30" [_thread_blocked, id=22648, stack(0x000000118bf00000,0x000000118c000000)]
  0x000001e93924d000 JavaThread "Unconstrained build operations Thread 31" [_thread_blocked, id=11220, stack(0x000000118c000000,0x000000118c100000)]
  0x000001e939251000 JavaThread "Unconstrained build operations Thread 32" [_thread_blocked, id=23792, stack(0x000000118c100000,0x000000118c200000)]
  0x000001e939253800 JavaThread "Unconstrained build operations Thread 33" [_thread_blocked, id=8212, stack(0x000000118c200000,0x000000118c300000)]
  0x000001e93924f800 JavaThread "Unconstrained build operations Thread 34" [_thread_blocked, id=18652, stack(0x000000118c300000,0x000000118c400000)]
  0x000001e93924d800 JavaThread "Unconstrained build operations Thread 35" [_thread_blocked, id=12072, stack(0x000000118c400000,0x000000118c500000)]
  0x000001e939255000 JavaThread "Unconstrained build operations Thread 36" [_thread_blocked, id=18836, stack(0x000000118c500000,0x000000118c600000)]
  0x000001e939254800 JavaThread "Unconstrained build operations Thread 37" [_thread_blocked, id=1324, stack(0x000000118c600000,0x000000118c700000)]
  0x000001e939256000 JavaThread "Unconstrained build operations Thread 38" [_thread_blocked, id=5396, stack(0x000000118c700000,0x000000118c800000)]
  0x000001e939252800 JavaThread "Unconstrained build operations Thread 39" [_thread_blocked, id=24288, stack(0x000000118c800000,0x000000118c900000)]
  0x000001e939250000 JavaThread "Unconstrained build operations Thread 40" [_thread_blocked, id=3592, stack(0x000000118c900000,0x000000118ca00000)]
  0x000001e939259000 JavaThread "Unconstrained build operations Thread 41" [_thread_blocked, id=20948, stack(0x000000118ca00000,0x000000118cb00000)]
  0x000001e93925a000 JavaThread "Unconstrained build operations Thread 42" [_thread_blocked, id=23576, stack(0x000000118cb00000,0x000000118cc00000)]
  0x000001e93925b800 JavaThread "Unconstrained build operations Thread 43" [_thread_blocked, id=11828, stack(0x000000118cc00000,0x000000118cd00000)]
  0x000001e939256800 JavaThread "Unconstrained build operations Thread 44" [_thread_blocked, id=22580, stack(0x000000118cd00000,0x000000118ce00000)]
  0x000001e93925b000 JavaThread "Unconstrained build operations Thread 45" [_thread_blocked, id=11968, stack(0x000000118ce00000,0x000000118cf00000)]
  0x000001e939257800 JavaThread "Unconstrained build operations Thread 46" [_thread_blocked, id=20380, stack(0x000000118cf00000,0x000000118d000000)]
  0x000001e939258800 JavaThread "Unconstrained build operations Thread 47" [_thread_blocked, id=23664, stack(0x000000118d000000,0x000000118d100000)]
  0x000001e9372a1800 JavaThread "Unconstrained build operations Thread 48" [_thread_blocked, id=5124, stack(0x000000118d100000,0x000000118d200000)]
  0x000001e9372a2800 JavaThread "Unconstrained build operations Thread 49" [_thread_blocked, id=2528, stack(0x000000118d200000,0x000000118d300000)]
  0x000001e9372a0800 JavaThread "Unconstrained build operations Thread 50" [_thread_blocked, id=21636, stack(0x000000118d300000,0x000000118d400000)]
  0x000001e93729e800 JavaThread "Unconstrained build operations Thread 51" [_thread_blocked, id=19856, stack(0x000000118d400000,0x000000118d500000)]
  0x000001e9372a0000 JavaThread "Unconstrained build operations Thread 52" [_thread_blocked, id=24316, stack(0x000000118d500000,0x000000118d600000)]
  0x000001e9372a5000 JavaThread "Unconstrained build operations Thread 53" [_thread_blocked, id=22604, stack(0x000000118d600000,0x000000118d700000)]
  0x000001e93729f000 JavaThread "Unconstrained build operations Thread 54" [_thread_blocked, id=16940, stack(0x000000118d700000,0x000000118d800000)]
  0x000001e9372a6800 JavaThread "Unconstrained build operations Thread 55" [_thread_blocked, id=23796, stack(0x000000118d800000,0x000000118d900000)]
  0x000001e9372a8000 JavaThread "Unconstrained build operations Thread 56" [_thread_blocked, id=24452, stack(0x000000118d900000,0x000000118da00000)]
  0x000001e9372a7800 JavaThread "Unconstrained build operations Thread 57" [_thread_blocked, id=24024, stack(0x000000118da00000,0x000000118db00000)]
  0x000001e9372a5800 JavaThread "Unconstrained build operations Thread 58" [_thread_blocked, id=16568, stack(0x000000118db00000,0x000000118dc00000)]
  0x000001e9372a9000 JavaThread "Unconstrained build operations Thread 59" [_thread_blocked, id=5056, stack(0x000000118dc00000,0x000000118dd00000)]
  0x000001e9372a3000 JavaThread "Unconstrained build operations Thread 60" [_thread_blocked, id=23012, stack(0x000000118dd00000,0x000000118de00000)]
  0x000001e9372a9800 JavaThread "Unconstrained build operations Thread 61" [_thread_blocked, id=19772, stack(0x000000118de00000,0x000000118df00000)]
  0x000001e9372a4000 JavaThread "Unconstrained build operations Thread 62" [_thread_blocked, id=14400, stack(0x000000118df00000,0x000000118e000000)]
  0x000001e9372aa800 JavaThread "Unconstrained build operations Thread 63" [_thread_blocked, id=23740, stack(0x000000118e000000,0x000000118e100000)]
  0x000001e9372ac000 JavaThread "Unconstrained build operations Thread 64" [_thread_blocked, id=1636, stack(0x000000118e100000,0x000000118e200000)]
  0x000001e9372ad000 JavaThread "Unconstrained build operations Thread 65" [_thread_blocked, id=4124, stack(0x000000118e200000,0x000000118e300000)]
  0x000001e9372ab800 JavaThread "Unconstrained build operations Thread 66" [_thread_blocked, id=23828, stack(0x000000118e300000,0x000000118e400000)]
  0x000001e93c6d9800 JavaThread "Unconstrained build operations Thread 67" [_thread_blocked, id=23912, stack(0x000000118e400000,0x000000118e500000)]
  0x000001e93c6dd800 JavaThread "Unconstrained build operations Thread 68" [_thread_blocked, id=2332, stack(0x000000118e500000,0x000000118e600000)]
  0x000001e93c6dc000 JavaThread "Unconstrained build operations Thread 69" [_thread_blocked, id=18904, stack(0x000000118e600000,0x000000118e700000)]
  0x000001e93c6da800 JavaThread "Unconstrained build operations Thread 70" [_thread_blocked, id=17904, stack(0x000000118e700000,0x000000118e800000)]
  0x000001e93c6de800 JavaThread "Unconstrained build operations Thread 71" [_thread_blocked, id=21056, stack(0x000000118e800000,0x000000118e900000)]
  0x000001e93c6d9000 JavaThread "Unconstrained build operations Thread 72" [_thread_blocked, id=1448, stack(0x000000118e900000,0x000000118ea00000)]
  0x000001e93c6e1000 JavaThread "Unconstrained build operations Thread 73" [_thread_blocked, id=21372, stack(0x000000118ea00000,0x000000118eb00000)]
  0x000001e93c6df800 JavaThread "Unconstrained build operations Thread 74" [_thread_blocked, id=24564, stack(0x000000118eb00000,0x000000118ec00000)]
  0x000001e93c6e0000 JavaThread "Unconstrained build operations Thread 75" [_thread_blocked, id=7336, stack(0x000000118ec00000,0x000000118ed00000)]
  0x000001e93c6db000 JavaThread "Unconstrained build operations Thread 76" [_thread_blocked, id=22572, stack(0x000000118ed00000,0x000000118ee00000)]
  0x000001e93c6e1800 JavaThread "Unconstrained build operations Thread 77" [_thread_blocked, id=5100, stack(0x000000118ee00000,0x000000118ef00000)]
  0x000001e93c6dd000 JavaThread "Unconstrained build operations Thread 78" [_thread_blocked, id=20924, stack(0x000000118ef00000,0x000000118f000000)]
  0x000001e93c6e7800 JavaThread "Unconstrained build operations Thread 79" [_thread_blocked, id=24240, stack(0x000000118f000000,0x000000118f100000)]
  0x000001e93c6e4000 JavaThread "Unconstrained build operations Thread 80" [_thread_blocked, id=18932, stack(0x000000118f100000,0x000000118f200000)]
  0x000001e93c6e6000 JavaThread "jar transforms Thread 4" [_thread_blocked, id=15316, stack(0x000000118f200000,0x000000118f300000)]
  0x000001e93c6e3800 JavaThread "jar transforms Thread 5" [_thread_blocked, id=24164, stack(0x000000118f300000,0x000000118f400000)]
  0x000001e93c6e6800 JavaThread "jar transforms Thread 6" [_thread_blocked, id=8812, stack(0x000000118f400000,0x000000118f500000)]
  0x000001e93c6e5000 JavaThread "jar transforms Thread 7" [_thread_blocked, id=15548, stack(0x000000118f500000,0x000000118f600000)]
  0x000001e93c6e2800 JavaThread "jar transforms Thread 8" [_thread_blocked, id=24496, stack(0x000000118f600000,0x000000118f700000)]
  0x000001e93cee5000 JavaThread "Memory manager" [_thread_blocked, id=21176, stack(0x000000118f900000,0x000000118fa00000)]
  0x000001e93cee7800 JavaThread "build event listener" [_thread_blocked, id=7656, stack(0x000000118fa00000,0x000000118fb00000)]
  0x000001e93cee8800 JavaThread "pool-3-thread-1" [_thread_blocked, id=18548, stack(0x000000118fb00000,0x000000118fc00000)]
  0x000001e93cee6000 JavaThread "build event listener" [_thread_blocked, id=22824, stack(0x000000118fc00000,0x000000118fd00000)]
  0x000001e93cee9000 JavaThread "Execution worker for ':'" [_thread_blocked, id=14888, stack(0x000000118fd00000,0x000000118fe00000)]
  0x000001e93cee6800 JavaThread "Execution worker for ':' Thread 2" [_thread_blocked, id=17248, stack(0x000000118fe00000,0x000000118ff00000)]
  0x000001e93ceea000 JavaThread "Execution worker for ':' Thread 3" [_thread_blocked, id=24104, stack(0x000000118ff00000,0x0000001190000000)]
  0x000001e93cee4000 JavaThread "Execution worker for ':' Thread 4" [_thread_blocked, id=19236, stack(0x0000001190000000,0x0000001190100000)]
  0x000001e93ceed000 JavaThread "Execution worker for ':' Thread 5" [_thread_blocked, id=24396, stack(0x0000001190100000,0x0000001190200000)]
  0x000001e93ceee000 JavaThread "Execution worker for ':' Thread 6" [_thread_blocked, id=24492, stack(0x0000001190200000,0x0000001190300000)]
  0x000001e93ceef800 JavaThread "Execution worker for ':' Thread 7" [_thread_blocked, id=20452, stack(0x0000001190300000,0x0000001190400000)]
  0x000001e93ceef000 JavaThread "Cache worker for execution history cache (C:\Users\Alex\AndroidStudioProjects\AppMagnoServices\.gradle\7.2\executionHistory)" [_thread_blocked, id=19288, stack(0x0000001190400000,0x0000001190500000)]
  0x000001e93cef0800 JavaThread "WorkerExecutor Queue" [_thread_blocked, id=16020, stack(0x0000001190500000,0x0000001190600000)]
  0x000001e93ceeb000 JavaThread "pool-4-thread-1" [_thread_blocked, id=12216, stack(0x0000001190600000,0x0000001190700000)]
  0x000001e93ceec800 JavaThread "stderr" [_thread_in_native, id=3556, stack(0x0000001190700000,0x0000001190800000)]
  0x000001e93cef1800 JavaThread "stdout" [_thread_in_native, id=23808, stack(0x0000001190800000,0x0000001190900000)]
  0x000001e93ceeb800 JavaThread "Cache worker for Java compile cache (C:\Users\Alex\.gradle\caches\7.2\javaCompile)" [_thread_blocked, id=23624, stack(0x0000001186c00000,0x0000001186d00000)]
  0x000001e93cef2000 JavaThread "Build operations" [_thread_blocked, id=772, stack(0x0000001186d00000,0x0000001186e00000)]
  0x000001e93cef3000 JavaThread "Build operations Thread 2" [_thread_blocked, id=24512, stack(0x0000001186e00000,0x0000001186f00000)]
  0x000001e93f7a5000 JavaThread "Build operations Thread 3" [_thread_blocked, id=2176, stack(0x0000001190900000,0x0000001190a00000)]
  0x000001e93f7a5800 JavaThread "Build operations Thread 4" [_thread_blocked, id=8520, stack(0x0000001190a00000,0x0000001190b00000)]
  0x000001e93f7a4000 JavaThread "Build operations Thread 5" [_thread_blocked, id=19464, stack(0x0000001190b00000,0x0000001190c00000)]
  0x000001e93f7a3800 JavaThread "Build operations Thread 6" [_thread_blocked, id=22960, stack(0x0000001190c00000,0x0000001190d00000)]
  0x000001e93f7a2800 JavaThread "Build operations Thread 7" [_thread_blocked, id=19132, stack(0x0000001190d00000,0x0000001190e00000)]
  0x000001e93f7a1800 JavaThread "Build operations Thread 8" [_thread_blocked, id=24116, stack(0x0000001190e00000,0x0000001190f00000)]

Other Threads:
=>0x000001e935d8d800 VMThread "VM Thread" [stack: 0x0000001187500000,0x0000001187600000] [id=15708]
  0x000001e9368c8000 WatcherThread [stack: 0x0000001187f00000,0x0000001188000000] [id=24100]
  0x000001e91b933800 GCTaskThread "GC Thread#0" [stack: 0x0000001187000000,0x0000001187100000] [id=18264]
  0x000001e937220800 GCTaskThread "GC Thread#1" [stack: 0x0000001188000000,0x0000001188100000] [id=13504]
  0x000001e937327000 GCTaskThread "GC Thread#2" [stack: 0x0000001188100000,0x0000001188200000] [id=20992]
  0x000001e936a76000 GCTaskThread "GC Thread#3" [stack: 0x0000001188c00000,0x0000001188d00000] [id=20468]
  0x000001e936a6c000 GCTaskThread "GC Thread#4" [stack: 0x0000001188d00000,0x0000001188e00000] [id=18476]
  0x000001e936a4c800 GCTaskThread "GC Thread#5" [stack: 0x0000001188e00000,0x0000001188f00000] [id=23996]
  0x000001e936a4d000 GCTaskThread "GC Thread#6" [stack: 0x0000001188f00000,0x0000001189000000] [id=17584]
  0x000001e936a4d800 GCTaskThread "GC Thread#7" [stack: 0x0000001189000000,0x0000001189100000] [id=9756]
  0x000001e91b968000 ConcurrentGCThread "G1 Main Marker" [stack: 0x0000001187100000,0x0000001187200000] [id=24408]
  0x000001e91b969000 ConcurrentGCThread "G1 Conc#0" [stack: 0x0000001187200000,0x0000001187300000] [id=15208]
  0x000001e936b08800 ConcurrentGCThread "G1 Conc#1" [stack: 0x0000001189400000,0x0000001189500000] [id=6412]
  0x000001e91b9f5000 ConcurrentGCThread "G1 Refine#0" [stack: 0x0000001187300000,0x0000001187400000] [id=11768]
  0x000001e935be0800 ConcurrentGCThread "G1 Young RemSet Sampling" [stack: 0x0000001187400000,0x0000001187500000] [id=23076]

Threads with active compile tasks:

VM state:at safepoint (normal execution)

VM Mutex/Monitor currently owned by a thread:  ([mutex/lock_event])
[0x000001e91b91a220] Threads_lock - owner thread: 0x000001e935d8d800
[0x000001e91b918720] Heap_lock - owner thread: 0x000001e93ceee000

Heap address: 0x0000000080000000, size: 2048 MB, Compressed Oops mode: 32-bit
Narrow klass base: 0x0000000000000000, Narrow klass shift: 3
Compressed class space size: 1073741824 Address: 0x0000000100000000

Heap:
 garbage-first heap   total 325632K, used 115466K [0x0000000080000000, 0x0000000100000000)
  region size 1024K, 4 young (4096K), 4 survivors (4096K)
 Metaspace       used 97652K, capacity 99991K, committed 100260K, reserved 1136640K
  class space    used 12488K, capacity 13375K, committed 13440K, reserved 1048576K
Heap Regions: E=young(eden), S=young(survivor), O=old, HS=humongous(starts), HC=humongous(continues), CS=collection set, F=free, A=archive, TAMS=top-at-mark-start (previous, next)
|   0|0x0000000080000000, 0x0000000080100000, 0x0000000080100000|100%| O|  |TAMS 0x0000000080100000, 0x0000000080100000| Untracked 
|   1|0x0000000080100000, 0x0000000080200000, 0x0000000080200000|100%| O|  |TAMS 0x0000000080200000, 0x0000000080200000| Untracked 
|   2|0x0000000080200000, 0x0000000080300000, 0x0000000080300000|100%| O|  |TAMS 0x0000000080300000, 0x0000000080300000| Untracked 
|   3|0x0000000080300000, 0x0000000080400000, 0x0000000080400000|100%|HS|  |TAMS 0x0000000080400000, 0x0000000080400000| Complete 
|   4|0x0000000080400000, 0x0000000080500000, 0x0000000080500000|100%|HC|  |TAMS 0x0000000080500000, 0x0000000080500000| Complete 
|   5|0x0000000080500000, 0x0000000080600000, 0x0000000080600000|100%|HC|  |TAMS 0x0000000080600000, 0x0000000080600000| Complete 
|   6|0x0000000080600000, 0x0000000080700000, 0x0000000080700000|100%| O|  |TAMS 0x0000000080700000, 0x0000000080700000| Untracked 
|   7|0x0000000080700000, 0x0000000080800000, 0x0000000080800000|100%| O|  |TAMS 0x0000000080800000, 0x0000000080800000| Untracked 
|   8|0x0000000080800000, 0x0000000080900000, 0x0000000080900000|100%| O|  |TAMS 0x0000000080900000, 0x0000000080900000| Untracked 
|   9|0x0000000080900000, 0x0000000080a00000, 0x0000000080a00000|100%| O|  |TAMS 0x0000000080a00000, 0x0000000080a00000| Untracked 
|  10|0x0000000080a00000, 0x0000000080b00000, 0x0000000080b00000|100%| O|  |TAMS 0x0000000080b00000, 0x0000000080b00000| Untracked 
|  11|0x0000000080b00000, 0x0000000080c00000, 0x0000000080c00000|100%| O|  |TAMS 0x0000000080c00000, 0x0000000080c00000| Untracked 
|  12|0x0000000080c00000, 0x0000000080d00000, 0x0000000080d00000|100%| O|  |TAMS 0x0000000080d00000, 0x0000000080d00000| Untracked 
|  13|0x0000000080d00000, 0x0000000080e00000, 0x0000000080e00000|100%| O|  |TAMS 0x0000000080e00000, 0x0000000080e00000| Untracked 
|  14|0x0000000080e00000, 0x0000000080f00000, 0x0000000080f00000|100%| O|  |TAMS 0x0000000080f00000, 0x0000000080f00000| Untracked 
|  15|0x0000000080f00000, 0x0000000081000000, 0x0000000081000000|100%| O|  |TAMS 0x0000000081000000, 0x0000000081000000| Untracked 
|  16|0x0000000081000000, 0x0000000081100000, 0x0000000081100000|100%| O|  |TAMS 0x0000000081100000, 0x0000000081100000| Untracked 
|  17|0x0000000081100000, 0x0000000081200000, 0x0000000081200000|100%| O|  |TAMS 0x0000000081200000, 0x0000000081200000| Untracked 
|  18|0x0000000081200000, 0x0000000081300000, 0x0000000081300000|100%| O|  |TAMS 0x0000000081300000, 0x0000000081300000| Untracked 
|  19|0x0000000081300000, 0x0000000081400000, 0x0000000081400000|100%| O|  |TAMS 0x0000000081400000, 0x0000000081400000| Untracked 
|  20|0x0000000081400000, 0x0000000081500000, 0x0000000081500000|100%| O|  |TAMS 0x0000000081500000, 0x0000000081500000| Untracked 
|  21|0x0000000081500000, 0x0000000081600000, 0x0000000081600000|100%| O|  |TAMS 0x0000000081600000, 0x0000000081600000| Untracked 
|  22|0x0000000081600000, 0x0000000081700000, 0x0000000081700000|100%| O|  |TAMS 0x0000000081700000, 0x0000000081700000| Untracked 
|  23|0x0000000081700000, 0x0000000081800000, 0x0000000081800000|100%| O|  |TAMS 0x0000000081800000, 0x0000000081800000| Untracked 
|  24|0x0000000081800000, 0x0000000081900000, 0x0000000081900000|100%| O|  |TAMS 0x0000000081900000, 0x0000000081900000| Untracked 
|  25|0x0000000081900000, 0x0000000081a00000, 0x0000000081a00000|100%| O|  |TAMS 0x0000000081a00000, 0x0000000081a00000| Untracked 
|  26|0x0000000081a00000, 0x0000000081b00000, 0x0000000081b00000|100%| O|  |TAMS 0x0000000081b00000, 0x0000000081b00000| Untracked 
|  27|0x0000000081b00000, 0x0000000081c00000, 0x0000000081c00000|100%| O|  |TAMS 0x0000000081c00000, 0x0000000081c00000| Untracked 
|  28|0x0000000081c00000, 0x0000000081d00000, 0x0000000081d00000|100%|HS|  |TAMS 0x0000000081d00000, 0x0000000081d00000| Complete 
|  29|0x0000000081d00000, 0x0000000081e00000, 0x0000000081e00000|100%|HS|  |TAMS 0x0000000081e00000, 0x0000000081e00000| Complete 
|  30|0x0000000081e00000, 0x0000000081f00000, 0x0000000081f00000|100%|HS|  |TAMS 0x0000000081f00000, 0x0000000081f00000| Complete 
|  31|0x0000000081f00000, 0x0000000082000000, 0x0000000082000000|100%|HS|  |TAMS 0x0000000082000000, 0x0000000082000000| Complete 
|  32|0x0000000082000000, 0x0000000082100000, 0x0000000082100000|100%|HC|  |TAMS 0x0000000082100000, 0x0000000082100000| Complete 
|  33|0x0000000082100000, 0x0000000082200000, 0x0000000082200000|100%| O|  |TAMS 0x0000000082200000, 0x0000000082200000| Untracked 
|  34|0x0000000082200000, 0x0000000082300000, 0x0000000082300000|100%| O|  |TAMS 0x0000000082300000, 0x0000000082300000| Untracked 
|  35|0x0000000082300000, 0x0000000082400000, 0x0000000082400000|100%| O|  |TAMS 0x0000000082400000, 0x0000000082400000| Untracked 
|  36|0x0000000082400000, 0x0000000082500000, 0x0000000082500000|100%| O|  |TAMS 0x0000000082500000, 0x0000000082500000| Untracked 
|  37|0x0000000082500000, 0x0000000082600000, 0x0000000082600000|100%| O|  |TAMS 0x0000000082600000, 0x0000000082600000| Untracked 
|  38|0x0000000082600000, 0x0000000082700000, 0x0000000082700000|100%| O|  |TAMS 0x0000000082700000, 0x0000000082700000| Untracked 
|  39|0x0000000082700000, 0x0000000082800000, 0x0000000082800000|100%| O|  |TAMS 0x0000000082800000, 0x0000000082800000| Untracked 
|  40|0x0000000082800000, 0x0000000082900000, 0x0000000082900000|100%| O|  |TAMS 0x0000000082900000, 0x0000000082900000| Untracked 
|  41|0x0000000082900000, 0x0000000082a00000, 0x0000000082a00000|100%| O|  |TAMS 0x0000000082a00000, 0x0000000082a00000| Untracked 
|  42|0x0000000082a00000, 0x0000000082b00000, 0x0000000082b00000|100%| O|  |TAMS 0x0000000082b00000, 0x0000000082b00000| Untracked 
|  43|0x0000000082b00000, 0x0000000082c00000, 0x0000000082c00000|100%| O|  |TAMS 0x0000000082c00000, 0x0000000082c00000| Untracked 
|  44|0x0000000082c00000, 0x0000000082d00000, 0x0000000082d00000|100%| O|  |TAMS 0x0000000082d00000, 0x0000000082d00000| Untracked 
|  45|0x0000000082d00000, 0x0000000082e00000, 0x0000000082e00000|100%| O|  |TAMS 0x0000000082e00000, 0x0000000082e00000| Untracked 
|  46|0x0000000082e00000, 0x0000000082f00000, 0x0000000082f00000|100%| O|  |TAMS 0x0000000082f00000, 0x0000000082f00000| Untracked 
|  47|0x0000000082f00000, 0x0000000083000000, 0x0000000083000000|100%| O|  |TAMS 0x0000000083000000, 0x0000000083000000| Untracked 
|  48|0x0000000083000000, 0x0000000083100000, 0x0000000083100000|100%| O|  |TAMS 0x0000000083100000, 0x0000000083100000| Untracked 
|  49|0x0000000083100000, 0x0000000083200000, 0x0000000083200000|100%| O|  |TAMS 0x0000000083200000, 0x0000000083200000| Untracked 
|  50|0x0000000083200000, 0x0000000083300000, 0x0000000083300000|100%| O|  |TAMS 0x0000000083300000, 0x0000000083300000| Untracked 
|  51|0x0000000083300000, 0x0000000083400000, 0x0000000083400000|100%| O|  |TAMS 0x0000000083400000, 0x0000000083400000| Untracked 
|  52|0x0000000083400000, 0x0000000083500000, 0x0000000083500000|100%| O|  |TAMS 0x0000000083500000, 0x0000000083500000| Untracked 
|  53|0x0000000083500000, 0x0000000083600000, 0x0000000083600000|100%| O|  |TAMS 0x0000000083600000, 0x0000000083600000| Untracked 
|  54|0x0000000083600000, 0x0000000083700000, 0x0000000083700000|100%| O|  |TAMS 0x0000000083700000, 0x0000000083700000| Untracked 
|  55|0x0000000083700000, 0x0000000083800000, 0x0000000083800000|100%| O|  |TAMS 0x0000000083800000, 0x0000000083800000| Untracked 
|  56|0x0000000083800000, 0x0000000083900000, 0x0000000083900000|100%| O|  |TAMS 0x0000000083900000, 0x0000000083900000| Untracked 
|  57|0x0000000083900000, 0x0000000083a00000, 0x0000000083a00000|100%| O|  |TAMS 0x0000000083a00000, 0x0000000083a00000| Untracked 
|  58|0x0000000083a00000, 0x0000000083b00000, 0x0000000083b00000|100%| O|  |TAMS 0x0000000083b00000, 0x0000000083b00000| Untracked 
|  59|0x0000000083b00000, 0x0000000083c00000, 0x0000000083c00000|100%| O|  |TAMS 0x0000000083c00000, 0x0000000083c00000| Untracked 
|  60|0x0000000083c00000, 0x0000000083d00000, 0x0000000083d00000|100%| O|  |TAMS 0x0000000083d00000, 0x0000000083d00000| Untracked 
|  61|0x0000000083d00000, 0x0000000083e00000, 0x0000000083e00000|100%| O|  |TAMS 0x0000000083e00000, 0x0000000083e00000| Untracked 
|  62|0x0000000083e00000, 0x0000000083f00000, 0x0000000083f00000|100%| O|  |TAMS 0x0000000083f00000, 0x0000000083f00000| Untracked 
|  63|0x0000000083f00000, 0x0000000084000000, 0x0000000084000000|100%| O|  |TAMS 0x0000000084000000, 0x0000000084000000| Untracked 
|  64|0x0000000084000000, 0x0000000084100000, 0x0000000084100000|100%| O|  |TAMS 0x0000000084100000, 0x0000000084100000| Untracked 
|  65|0x0000000084100000, 0x0000000084200000, 0x0000000084200000|100%| O|  |TAMS 0x0000000084200000, 0x0000000084200000| Untracked 
|  66|0x0000000084200000, 0x0000000084300000, 0x0000000084300000|100%| O|  |TAMS 0x0000000084300000, 0x0000000084300000| Untracked 
|  67|0x0000000084300000, 0x0000000084400000, 0x0000000084400000|100%| O|  |TAMS 0x0000000084400000, 0x0000000084400000| Untracked 
|  68|0x0000000084400000, 0x0000000084500000, 0x0000000084500000|100%| O|  |TAMS 0x0000000084500000, 0x0000000084500000| Untracked 
|  69|0x0000000084500000, 0x0000000084600000, 0x0000000084600000|100%| O|  |TAMS 0x0000000084600000, 0x0000000084600000| Untracked 
|  70|0x0000000084600000, 0x0000000084700000, 0x0000000084700000|100%| O|  |TAMS 0x0000000084700000, 0x0000000084700000| Untracked 
|  71|0x0000000084700000, 0x0000000084800000, 0x0000000084800000|100%| O|  |TAMS 0x0000000084800000, 0x0000000084800000| Untracked 
|  72|0x0000000084800000, 0x0000000084900000, 0x0000000084900000|100%| O|  |TAMS 0x0000000084900000, 0x0000000084900000| Untracked 
|  73|0x0000000084900000, 0x0000000084a00000, 0x0000000084a00000|100%| O|  |TAMS 0x0000000084a00000, 0x0000000084a00000| Untracked 
|  74|0x0000000084a00000, 0x0000000084b00000, 0x0000000084b00000|100%| O|  |TAMS 0x0000000084b00000, 0x0000000084b00000| Untracked 
|  75|0x0000000084b00000, 0x0000000084c00000, 0x0000000084c00000|100%| O|  |TAMS 0x0000000084c00000, 0x0000000084c00000| Untracked 
|  76|0x0000000084c00000, 0x0000000084d00000, 0x0000000084d00000|100%| O|  |TAMS 0x0000000084d00000, 0x0000000084d00000| Untracked 
|  77|0x0000000084d00000, 0x0000000084e00000, 0x0000000084e00000|100%| O|  |TAMS 0x0000000084e00000, 0x0000000084e00000| Untracked 
|  78|0x0000000084e00000, 0x0000000084f00000, 0x0000000084f00000|100%| O|  |TAMS 0x0000000084f00000, 0x0000000084f00000| Untracked 
|  79|0x0000000084f00000, 0x0000000085000000, 0x0000000085000000|100%| O|  |TAMS 0x0000000085000000, 0x0000000085000000| Untracked 
|  80|0x0000000085000000, 0x0000000085100000, 0x0000000085100000|100%| O|  |TAMS 0x0000000085100000, 0x0000000085100000| Untracked 
|  81|0x0000000085100000, 0x0000000085200000, 0x0000000085200000|100%| O|  |TAMS 0x0000000085200000, 0x0000000085200000| Untracked 
|  82|0x0000000085200000, 0x0000000085300000, 0x0000000085300000|100%| O|  |TAMS 0x0000000085300000, 0x0000000085300000| Untracked 
|  83|0x0000000085300000, 0x0000000085400000, 0x0000000085400000|100%| O|  |TAMS 0x0000000085400000, 0x0000000085400000| Untracked 
|  84|0x0000000085400000, 0x0000000085500000, 0x0000000085500000|100%| O|  |TAMS 0x0000000085500000, 0x0000000085500000| Untracked 
|  85|0x0000000085500000, 0x0000000085600000, 0x0000000085600000|100%| O|  |TAMS 0x0000000085600000, 0x0000000085600000| Untracked 
|  86|0x0000000085600000, 0x0000000085700000, 0x0000000085700000|100%| O|  |TAMS 0x0000000085700000, 0x0000000085700000| Untracked 
|  87|0x0000000085700000, 0x0000000085800000, 0x0000000085800000|100%| O|  |TAMS 0x0000000085800000, 0x0000000085800000| Untracked 
|  88|0x0000000085800000, 0x0000000085900000, 0x0000000085900000|100%| O|  |TAMS 0x0000000085900000, 0x0000000085900000| Untracked 
|  89|0x0000000085900000, 0x0000000085a00000, 0x0000000085a00000|100%| O|  |TAMS 0x0000000085a00000, 0x0000000085a00000| Untracked 
|  90|0x0000000085a00000, 0x0000000085b00000, 0x0000000085b00000|100%| O|  |TAMS 0x0000000085b00000, 0x0000000085b00000| Untracked 
|  91|0x0000000085b00000, 0x0000000085c00000, 0x0000000085c00000|100%| O|  |TAMS 0x0000000085c00000, 0x0000000085c00000| Untracked 
|  92|0x0000000085c00000, 0x0000000085d00000, 0x0000000085d00000|100%| O|  |TAMS 0x0000000085d00000, 0x0000000085d00000| Untracked 
|  93|0x0000000085d00000, 0x0000000085e00000, 0x0000000085e00000|100%| O|  |TAMS 0x0000000085e00000, 0x0000000085e00000| Untracked 
|  94|0x0000000085e00000, 0x0000000085f00000, 0x0000000085f00000|100%| O|  |TAMS 0x0000000085f00000, 0x0000000085f00000| Untracked 
|  95|0x0000000085f00000, 0x0000000086000000, 0x0000000086000000|100%| O|  |TAMS 0x0000000086000000, 0x0000000086000000| Untracked 
|  96|0x0000000086000000, 0x0000000086100000, 0x0000000086100000|100%| O|  |TAMS 0x0000000086100000, 0x0000000086100000| Untracked 
|  97|0x0000000086100000, 0x0000000086200000, 0x0000000086200000|100%| O|  |TAMS 0x0000000086200000, 0x0000000086200000| Untracked 
|  98|0x0000000086200000, 0x0000000086300000, 0x0000000086300000|100%| O|  |TAMS 0x0000000086300000, 0x0000000086300000| Untracked 
|  99|0x0000000086300000, 0x0000000086400000, 0x0000000086400000|100%| O|  |TAMS 0x00000000863c5a00, 0x0000000086400000| Untracked 
| 100|0x0000000086400000, 0x0000000086500000, 0x0000000086500000|100%| O|  |TAMS 0x0000000086400000, 0x0000000086500000| Untracked 
| 101|0x0000000086500000, 0x0000000086600000, 0x0000000086600000|100%| O|  |TAMS 0x0000000086500000, 0x0000000086600000| Untracked 
| 102|0x0000000086600000, 0x0000000086700000, 0x0000000086700000|100%| O|  |TAMS 0x0000000086600000, 0x0000000086700000| Untracked 
| 103|0x0000000086700000, 0x0000000086800000, 0x0000000086800000|100%| O|  |TAMS 0x0000000086700000, 0x0000000086800000| Untracked 
| 104|0x0000000086800000, 0x0000000086900000, 0x0000000086900000|100%| O|  |TAMS 0x0000000086800000, 0x0000000086900000| Untracked 
| 105|0x0000000086900000, 0x0000000086a00000, 0x0000000086a00000|100%| O|  |TAMS 0x0000000086900000, 0x0000000086a00000| Untracked 
| 106|0x0000000086a00000, 0x0000000086b00000, 0x0000000086b00000|100%| O|  |TAMS 0x0000000086a00000, 0x0000000086b00000| Untracked 
| 107|0x0000000086b00000, 0x0000000086c00000, 0x0000000086c00000|100%| O|  |TAMS 0x0000000086b00000, 0x0000000086c00000| Untracked 
| 108|0x0000000086c00000, 0x0000000086ce6200, 0x0000000086d00000| 89%| O|  |TAMS 0x0000000086c00000, 0x0000000086ce6200| Untracked 
| 109|0x0000000086d00000, 0x0000000086d00000, 0x0000000086e00000|  0%| F|  |TAMS 0x0000000086d00000, 0x0000000086d00000| Untracked 
| 110|0x0000000086e00000, 0x0000000086e00000, 0x0000000086f00000|  0%| F|  |TAMS 0x0000000086e00000, 0x0000000086e00000| Untracked 
| 111|0x0000000086f00000, 0x0000000086f00000, 0x0000000087000000|  0%| F|  |TAMS 0x0000000086f00000, 0x0000000086f00000| Untracked 
| 112|0x0000000087000000, 0x0000000087000000, 0x0000000087100000|  0%| F|  |TAMS 0x0000000087000000, 0x0000000087000000| Untracked 
| 113|0x0000000087100000, 0x0000000087100000, 0x0000000087200000|  0%| F|  |TAMS 0x0000000087100000, 0x0000000087100000| Untracked 
| 114|0x0000000087200000, 0x0000000087200000, 0x0000000087300000|  0%| F|  |TAMS 0x0000000087200000, 0x0000000087200000| Untracked 
| 115|0x0000000087300000, 0x0000000087300000, 0x0000000087400000|  0%| F|  |TAMS 0x0000000087300000, 0x0000000087300000| Untracked 
| 116|0x0000000087400000, 0x0000000087400000, 0x0000000087500000|  0%| F|  |TAMS 0x0000000087400000, 0x0000000087400000| Untracked 
| 117|0x0000000087500000, 0x0000000087500000, 0x0000000087600000|  0%| F|  |TAMS 0x0000000087500000, 0x0000000087500000| Untracked 
| 118|0x0000000087600000, 0x0000000087600000, 0x0000000087700000|  0%| F|  |TAMS 0x0000000087600000, 0x0000000087600000| Untracked 
| 119|0x0000000087700000, 0x0000000087700000, 0x0000000087800000|  0%| F|  |TAMS 0x0000000087700000, 0x0000000087700000| Untracked 
| 120|0x0000000087800000, 0x0000000087800000, 0x0000000087900000|  0%| F|  |TAMS 0x0000000087800000, 0x0000000087800000| Untracked 
| 121|0x0000000087900000, 0x0000000087900000, 0x0000000087a00000|  0%| F|  |TAMS 0x0000000087900000, 0x0000000087900000| Untracked 
| 122|0x0000000087a00000, 0x0000000087a00000, 0x0000000087b00000|  0%| F|  |TAMS 0x0000000087a00000, 0x0000000087a00000| Untracked 
| 123|0x0000000087b00000, 0x0000000087b00000, 0x0000000087c00000|  0%| F|  |TAMS 0x0000000087b00000, 0x0000000087b00000| Untracked 
| 124|0x0000000087c00000, 0x0000000087c00000, 0x0000000087d00000|  0%| F|  |TAMS 0x0000000087c00000, 0x0000000087c00000| Untracked 
| 125|0x0000000087d00000, 0x0000000087d00000, 0x0000000087e00000|  0%| F|  |TAMS 0x0000000087d00000, 0x0000000087d00000| Untracked 
| 126|0x0000000087e00000, 0x0000000087e00000, 0x0000000087f00000|  0%| F|  |TAMS 0x0000000087e00000, 0x0000000087e00000| Untracked 
| 127|0x0000000087f00000, 0x0000000087f00000, 0x0000000088000000|  0%| F|  |TAMS 0x0000000087f00000, 0x0000000087f00000| Untracked 
| 128|0x0000000088000000, 0x0000000088000000, 0x0000000088100000|  0%| F|  |TAMS 0x0000000088000000, 0x0000000088000000| Untracked 
| 129|0x0000000088100000, 0x0000000088100000, 0x0000000088200000|  0%| F|  |TAMS 0x0000000088100000, 0x0000000088100000| Untracked 
| 130|0x0000000088200000, 0x0000000088200000, 0x0000000088300000|  0%| F|  |TAMS 0x0000000088200000, 0x0000000088200000| Untracked 
| 131|0x0000000088300000, 0x0000000088300000, 0x0000000088400000|  0%| F|  |TAMS 0x0000000088300000, 0x0000000088300000| Untracked 
| 132|0x0000000088400000, 0x0000000088400000, 0x0000000088500000|  0%| F|  |TAMS 0x0000000088400000, 0x0000000088400000| Untracked 
| 133|0x0000000088500000, 0x0000000088500000, 0x0000000088600000|  0%| F|  |TAMS 0x0000000088500000, 0x0000000088500000| Untracked 
| 134|0x0000000088600000, 0x0000000088600000, 0x0000000088700000|  0%| F|  |TAMS 0x0000000088600000, 0x0000000088600000| Untracked 
| 135|0x0000000088700000, 0x0000000088700000, 0x0000000088800000|  0%| F|  |TAMS 0x0000000088700000, 0x0000000088700000| Untracked 
| 136|0x0000000088800000, 0x0000000088800000, 0x0000000088900000|  0%| F|  |TAMS 0x0000000088800000, 0x0000000088800000| Untracked 
| 137|0x0000000088900000, 0x0000000088900000, 0x0000000088a00000|  0%| F|  |TAMS 0x0000000088900000, 0x0000000088900000| Untracked 
| 138|0x0000000088a00000, 0x0000000088a00000, 0x0000000088b00000|  0%| F|  |TAMS 0x0000000088a00000, 0x0000000088a00000| Untracked 
| 139|0x0000000088b00000, 0x0000000088b00000, 0x0000000088c00000|  0%| F|  |TAMS 0x0000000088b00000, 0x0000000088b00000| Untracked 
| 140|0x0000000088c00000, 0x0000000088cdc720, 0x0000000088d00000| 86%| S|CS|TAMS 0x0000000088c00000, 0x0000000088c00000| Complete 
| 141|0x0000000088d00000, 0x0000000088d00000, 0x0000000088e00000|  0%| F|  |TAMS 0x0000000088d00000, 0x0000000088d00000| Untracked 
| 142|0x0000000088e00000, 0x0000000088f00000, 0x0000000088f00000|100%| S|CS|TAMS 0x0000000088e00000, 0x0000000088e00000| Complete 
| 143|0x0000000088f00000, 0x0000000089000000, 0x0000000089000000|100%| S|CS|TAMS 0x0000000088f00000, 0x0000000088f00000| Complete 
| 144|0x0000000089000000, 0x0000000089100000, 0x0000000089100000|100%| S|CS|TAMS 0x0000000089000000, 0x0000000089000000| Complete 
| 145|0x0000000089100000, 0x0000000089100000, 0x0000000089200000|  0%| F|  |TAMS 0x0000000089100000, 0x0000000089100000| Untracked 
| 146|0x0000000089200000, 0x0000000089200000, 0x0000000089300000|  0%| F|  |TAMS 0x0000000089200000, 0x0000000089200000| Untracked 
| 147|0x0000000089300000, 0x0000000089300000, 0x0000000089400000|  0%| F|  |TAMS 0x0000000089300000, 0x0000000089300000| Untracked 
| 148|0x0000000089400000, 0x0000000089400000, 0x0000000089500000|  0%| F|  |TAMS 0x0000000089400000, 0x0000000089400000| Untracked 
| 149|0x0000000089500000, 0x0000000089500000, 0x0000000089600000|  0%| F|  |TAMS 0x0000000089500000, 0x0000000089500000| Untracked 
| 150|0x0000000089600000, 0x0000000089600000, 0x0000000089700000|  0%| F|  |TAMS 0x0000000089600000, 0x0000000089600000| Untracked 
| 151|0x0000000089700000, 0x0000000089700000, 0x0000000089800000|  0%| F|  |TAMS 0x0000000089700000, 0x0000000089700000| Untracked 
| 152|0x0000000089800000, 0x0000000089800000, 0x0000000089900000|  0%| F|  |TAMS 0x0000000089800000, 0x0000000089800000| Untracked 
| 153|0x0000000089900000, 0x0000000089900000, 0x0000000089a00000|  0%| F|  |TAMS 0x0000000089900000, 0x0000000089900000| Untracked 
| 154|0x0000000089a00000, 0x0000000089a00000, 0x0000000089b00000|  0%| F|  |TAMS 0x0000000089a00000, 0x0000000089a00000| Untracked 
| 155|0x0000000089b00000, 0x0000000089b00000, 0x0000000089c00000|  0%| F|  |TAMS 0x0000000089b00000, 0x0000000089b00000| Untracked 
| 156|0x0000000089c00000, 0x0000000089c00000, 0x0000000089d00000|  0%| F|  |TAMS 0x0000000089c00000, 0x0000000089c00000| Untracked 
| 157|0x0000000089d00000, 0x0000000089d00000, 0x0000000089e00000|  0%| F|  |TAMS 0x0000000089d00000, 0x0000000089d00000| Untracked 
| 158|0x0000000089e00000, 0x0000000089e00000, 0x0000000089f00000|  0%| F|  |TAMS 0x0000000089e00000, 0x0000000089e00000| Untracked 
| 159|0x0000000089f00000, 0x0000000089f00000, 0x000000008a000000|  0%| F|  |TAMS 0x0000000089f00000, 0x0000000089f00000| Untracked 
| 160|0x000000008a000000, 0x000000008a000000, 0x000000008a100000|  0%| F|  |TAMS 0x000000008a000000, 0x000000008a000000| Untracked 
| 161|0x000000008a100000, 0x000000008a100000, 0x000000008a200000|  0%| F|  |TAMS 0x000000008a100000, 0x000000008a100000| Untracked 
| 162|0x000000008a200000, 0x000000008a200000, 0x000000008a300000|  0%| F|  |TAMS 0x000000008a200000, 0x000000008a200000| Untracked 
| 163|0x000000008a300000, 0x000000008a300000, 0x000000008a400000|  0%| F|  |TAMS 0x000000008a300000, 0x000000008a300000| Untracked 
| 164|0x000000008a400000, 0x000000008a400000, 0x000000008a500000|  0%| F|  |TAMS 0x000000008a400000, 0x000000008a400000| Untracked 
| 165|0x000000008a500000, 0x000000008a500000, 0x000000008a600000|  0%| F|  |TAMS 0x000000008a500000, 0x000000008a500000| Untracked 
| 166|0x000000008a600000, 0x000000008a600000, 0x000000008a700000|  0%| F|  |TAMS 0x000000008a600000, 0x000000008a600000| Untracked 
| 167|0x000000008a700000, 0x000000008a700000, 0x000000008a800000|  0%| F|  |TAMS 0x000000008a700000, 0x000000008a700000| Untracked 
| 168|0x000000008a800000, 0x000000008a800000, 0x000000008a900000|  0%| F|  |TAMS 0x000000008a800000, 0x000000008a800000| Untracked 
| 169|0x000000008a900000, 0x000000008a900000, 0x000000008aa00000|  0%| F|  |TAMS 0x000000008a900000, 0x000000008a900000| Untracked 
| 170|0x000000008aa00000, 0x000000008aa00000, 0x000000008ab00000|  0%| F|  |TAMS 0x000000008aa00000, 0x000000008aa00000| Untracked 
| 171|0x000000008ab00000, 0x000000008ab00000, 0x000000008ac00000|  0%| F|  |TAMS 0x000000008ab00000, 0x000000008ab00000| Untracked 
| 172|0x000000008ac00000, 0x000000008ac00000, 0x000000008ad00000|  0%| F|  |TAMS 0x000000008ac00000, 0x000000008ac00000| Untracked 
| 173|0x000000008ad00000, 0x000000008ad00000, 0x000000008ae00000|  0%| F|  |TAMS 0x000000008ad00000, 0x000000008ad00000| Untracked 
| 174|0x000000008ae00000, 0x000000008ae00000, 0x000000008af00000|  0%| F|  |TAMS 0x000000008ae00000, 0x000000008ae00000| Untracked 
| 175|0x000000008af00000, 0x000000008af00000, 0x000000008b000000|  0%| F|  |TAMS 0x000000008af00000, 0x000000008af00000| Untracked 
| 176|0x000000008b000000, 0x000000008b000000, 0x000000008b100000|  0%| F|  |TAMS 0x000000008b000000, 0x000000008b000000| Untracked 
| 177|0x000000008b100000, 0x000000008b100000, 0x000000008b200000|  0%| F|  |TAMS 0x000000008b100000, 0x000000008b100000| Untracked 
| 178|0x000000008b200000, 0x000000008b200000, 0x000000008b300000|  0%| F|  |TAMS 0x000000008b200000, 0x000000008b200000| Untracked 
| 179|0x000000008b300000, 0x000000008b300000, 0x000000008b400000|  0%| F|  |TAMS 0x000000008b300000, 0x000000008b300000| Untracked 
| 180|0x000000008b400000, 0x000000008b400000, 0x000000008b500000|  0%| F|  |TAMS 0x000000008b400000, 0x000000008b400000| Untracked 
| 181|0x000000008b500000, 0x000000008b500000, 0x000000008b600000|  0%| F|  |TAMS 0x000000008b500000, 0x000000008b500000| Untracked 
| 182|0x000000008b600000, 0x000000008b600000, 0x000000008b700000|  0%| F|  |TAMS 0x000000008b600000, 0x000000008b600000| Untracked 

Card table byte_map: [0x000001e92eb50000,0x000001e92ef50000] _byte_map_base: 0x000001e92e750000

Marking Bits (Prev, Next): (CMBitMap*) 0x000001e91b95f110, (CMBitMap*) 0x000001e91b95f0d8
 Prev Bits: [0x000001e931350000, 0x000001e933350000)
 Next Bits: [0x000001e92f350000, 0x000001e931350000)

Polling page: 0x000001e9198f0000

Metaspace:

Usage:
  Non-class:     84.59 MB capacity,    83.17 MB ( 98%) used,     1.15 MB (  1%) free+waste,   272.44 KB ( <1%) overhead. 
      Class:     13.06 MB capacity,    12.20 MB ( 93%) used,   764.95 KB (  6%) free+waste,   121.81 KB ( <1%) overhead. 
       Both:     97.65 MB capacity,    95.36 MB ( 98%) used,     1.90 MB (  2%) free+waste,   394.25 KB ( <1%) overhead. 

Virtual space:
  Non-class space:       86.00 MB reserved,      84.79 MB ( 99%) committed 
      Class space:        1.00 GB reserved,      13.13 MB (  1%) committed 
             Both:        1.08 GB reserved,      97.91 MB (  9%) committed 

Chunk freelists:
   Non-Class:  12.00 KB
       Class:  1.00 KB
        Both:  13.00 KB

MaxMetaspaceSize: 17179869184.00 GB
CompressedClassSpaceSize: 1.00 GB

CodeHeap 'non-profiled nmethods': size=120000Kb used=6657Kb max_used=6657Kb free=113342Kb
 bounds [0x000001e926ef0000, 0x000001e927580000, 0x000001e92e420000]
CodeHeap 'profiled nmethods': size=120000Kb used=25863Kb max_used=25863Kb free=94136Kb
 bounds [0x000001e91f9c0000, 0x000001e921310000, 0x000001e926ef0000]
CodeHeap 'non-nmethods': size=5760Kb used=2304Kb max_used=2352Kb free=3456Kb
 bounds [0x000001e91f420000, 0x000001e91f690000, 0x000001e91f9c0000]
 total_blobs=13234 nmethods=12325 adapters=820
 compilation: enabled
              stopped_count=0, restarted_count=0
 full_count=0

Compilation events (20 events):
Event: 69.357 Thread 0x000001e936740800 12516       3       java.util.EnumMap::put (10 bytes)
Event: 69.357 Thread 0x000001e936740800 nmethod 12516 0x000001e9212fd890 code [0x000001e9212fda60, 0x000001e9212fdce8]
Event: 69.357 Thread 0x000001e936740800 12517       3       java.util.EnumMap::maskNull (12 bytes)
Event: 69.357 Thread 0x000001e936740800 nmethod 12517 0x000001e9212fdd90 code [0x000001e9212fdf40, 0x000001e9212fe098]
Event: 69.357 Thread 0x000001e936740800 12518       3       java.lang.System$2::getEnumConstantsShared (8 bytes)
Event: 69.357 Thread 0x000001e936740800 nmethod 12518 0x000001e9212fe110 code [0x000001e9212fe2e0, 0x000001e9212fe508]
Event: 69.357 Thread 0x000001e936740800 12519   !   3       java.lang.Class::getEnumConstantsShared (71 bytes)
Event: 69.358 Thread 0x000001e93673f000 12520       4       jdk.internal.misc.SharedSecrets::getJavaLangAccess (4 bytes)
Event: 69.358 Thread 0x000001e93673f000 nmethod 12520 0x000001e927570190 code [0x000001e927570320, 0x000001e927570378]
Event: 69.358 Thread 0x000001e936740800 nmethod 12519 0x000001e9212fe610 code [0x000001e9212fe8a0, 0x000001e9212ff498]
Event: 69.358 Thread 0x000001e936740800 12521       3       com.sun.tools.javac.util.StringUtils::toLowerCase (8 bytes)
Event: 69.359 Thread 0x000001e936740800 nmethod 12521 0x000001e9212ff990 code [0x000001e9212ffb80, 0x000001e9212ffe78]
Event: 69.362 Thread 0x000001e936740800 12522       3       com.sun.tools.javac.util.Names::fromString (9 bytes)
Event: 69.363 Thread 0x000001e936740800 nmethod 12522 0x000001e9212fff90 code [0x000001e9213001a0, 0x000001e921300888]
Event: 69.363 Thread 0x000001e936740800 12524       3       com.sun.tools.javac.util.Convert::chars2utf (159 bytes)
Event: 69.363 Thread 0x000001e936740800 nmethod 12524 0x000001e921300b10 code [0x000001e921300ce0, 0x000001e921301098]
Event: 69.363 Thread 0x000001e936740800 12525       1       com.sun.tools.javac.util.UnsharedNameTable$NameImpl::getIndex (5 bytes)
Event: 69.363 Thread 0x000001e936740800 nmethod 12525 0x000001e927570410 code [0x000001e9275705c0, 0x000001e927570678]
Event: 69.363 Thread 0x000001e936740800 12523       3       com.sun.tools.javac.util.Name$Table::fromString (14 bytes)
Event: 69.364 Thread 0x000001e936740800 nmethod 12523 0x000001e921301310 code [0x000001e921301520, 0x000001e921301b08]

GC Heap History (20 events):
Event: 46.589 GC heap after
{Heap after GC invocations=29 (full 0):
 garbage-first heap   total 155648K, used 82266K [0x0000000080000000, 0x0000000100000000)
  region size 1024K, 5 young (5120K), 5 survivors (5120K)
 Metaspace       used 84815K, capacity 87002K, committed 87076K, reserved 1124352K
  class space    used 10914K, capacity 11728K, committed 11776K, reserved 1048576K
}
Event: 47.450 GC heap before
{Heap before GC invocations=30 (full 0):
 garbage-first heap   total 155648K, used 121178K [0x0000000080000000, 0x0000000100000000)
  region size 1024K, 44 young (45056K), 5 survivors (5120K)
 Metaspace       used 85115K, capacity 87189K, committed 87332K, reserved 1124352K
  class space    used 10912K, capacity 11682K, committed 11776K, reserved 1048576K
}
Event: 47.460 GC heap after
{Heap after GC invocations=31 (full 0):
 garbage-first heap   total 155648K, used 85327K [0x0000000080000000, 0x0000000100000000)
  region size 1024K, 6 young (6144K), 6 survivors (6144K)
 Metaspace       used 85115K, capacity 87189K, committed 87332K, reserved 1124352K
  class space    used 10912K, capacity 11682K, committed 11776K, reserved 1048576K
}
Event: 48.135 GC heap before
{Heap before GC invocations=31 (full 0):
 garbage-first heap   total 155648K, used 123215K [0x0000000080000000, 0x0000000100000000)
  region size 1024K, 44 young (45056K), 6 survivors (6144K)
 Metaspace       used 86152K, capacity 88296K, committed 88484K, reserved 1126400K
  class space    used 11060K, capacity 11845K, committed 11904K, reserved 1048576K
}
Event: 48.153 GC heap after
{Heap after GC invocations=32 (full 0):
 garbage-first heap   total 155648K, used 87504K [0x0000000080000000, 0x0000000100000000)
  region size 1024K, 6 young (6144K), 6 survivors (6144K)
 Metaspace       used 86152K, capacity 88296K, committed 88484K, reserved 1126400K
  class space    used 11060K, capacity 11845K, committed 11904K, reserved 1048576K
}
Event: 48.508 GC heap before
{Heap before GC invocations=33 (full 0):
 garbage-first heap   total 155648K, used 124368K [0x0000000080000000, 0x0000000100000000)
  region size 1024K, 43 young (44032K), 6 survivors (6144K)
 Metaspace       used 87291K, capacity 89417K, committed 89636K, reserved 1126400K
  class space    used 11224K, capacity 12005K, committed 12032K, reserved 1048576K
}
Event: 48.523 GC heap after
{Heap after GC invocations=34 (full 0):
 garbage-first heap   total 155648K, used 89556K [0x0000000080000000, 0x0000000100000000)
  region size 1024K, 4 young (4096K), 4 survivors (4096K)
 Metaspace       used 87291K, capacity 89417K, committed 89636K, reserved 1126400K
  class space    used 11224K, capacity 12005K, committed 12032K, reserved 1048576K
}
Event: 49.093 GC heap before
{Heap before GC invocations=34 (full 0):
 garbage-first heap   total 155648K, used 127444K [0x0000000080000000, 0x0000000100000000)
  region size 1024K, 42 young (43008K), 4 survivors (4096K)
 Metaspace       used 88780K, capacity 90909K, committed 91172K, reserved 1128448K
  class space    used 11411K, capacity 12202K, committed 12288K, reserved 1048576K
}
Event: 49.129 GC heap after
{Heap after GC invocations=35 (full 0):
 garbage-first heap   total 187392K, used 91151K [0x0000000080000000, 0x0000000100000000)
  region size 1024K, 4 young (4096K), 4 survivors (4096K)
 Metaspace       used 88780K, capacity 90909K, committed 91172K, reserved 1128448K
  class space    used 11411K, capacity 12202K, committed 12288K, reserved 1048576K
}
Event: 50.333 GC heap before
{Heap before GC invocations=36 (full 0):
 garbage-first heap   total 187392K, used 141327K [0x0000000080000000, 0x0000000100000000)
  region size 1024K, 54 young (55296K), 4 survivors (4096K)
 Metaspace       used 89469K, capacity 91658K, committed 91940K, reserved 1128448K
  class space    used 11461K, capacity 12237K, committed 12288K, reserved 1048576K
}
Event: 50.343 GC heap after
{Heap after GC invocations=37 (full 0):
 garbage-first heap   total 187392K, used 94877K [0x0000000080000000, 0x0000000100000000)
  region size 1024K, 7 young (7168K), 7 survivors (7168K)
 Metaspace       used 89469K, capacity 91658K, committed 91940K, reserved 1128448K
  class space    used 11461K, capacity 12237K, committed 12288K, reserved 1048576K
}
Event: 62.762 GC heap before
{Heap before GC invocations=37 (full 0):
 garbage-first heap   total 187392K, used 145053K [0x0000000080000000, 0x0000000100000000)
  region size 1024K, 57 young (58368K), 7 survivors (7168K)
 Metaspace       used 90534K, capacity 92747K, committed 92836K, reserved 1130496K
  class space    used 11583K, capacity 12390K, committed 12416K, reserved 1048576K
}
Event: 63.179 GC heap after
{Heap after GC invocations=38 (full 0):
 garbage-first heap   total 187392K, used 102253K [0x0000000080000000, 0x0000000100000000)
  region size 1024K, 8 young (8192K), 8 survivors (8192K)
 Metaspace       used 90534K, capacity 92747K, committed 92836K, reserved 1130496K
  class space    used 11583K, capacity 12390K, committed 12416K, reserved 1048576K
}
Event: 65.416 GC heap before
{Heap before GC invocations=39 (full 0):
 garbage-first heap   total 187392K, used 129901K [0x0000000080000000, 0x0000000100000000)
  region size 1024K, 36 young (36864K), 8 survivors (8192K)
 Metaspace       used 90850K, capacity 92983K, committed 93092K, reserved 1130496K
  class space    used 11622K, capacity 12404K, committed 12416K, reserved 1048576K
}
Event: 65.447 GC heap after
{Heap after GC invocations=40 (full 0):
 garbage-first heap   total 187392K, used 103760K [0x0000000080000000, 0x0000000100000000)
  region size 1024K, 2 young (2048K), 2 survivors (2048K)
 Metaspace       used 90850K, capacity 92983K, committed 93092K, reserved 1130496K
  class space    used 11622K, capacity 12404K, committed 12416K, reserved 1048576K
}
Event: 66.468 GC heap before
{Heap before GC invocations=40 (full 0):
 garbage-first heap   total 187392K, used 143696K [0x0000000080000000, 0x0000000100000000)
  region size 1024K, 42 young (43008K), 2 survivors (2048K)
 Metaspace       used 91508K, capacity 93739K, committed 93988K, reserved 1130496K
  class space    used 11697K, capacity 12485K, committed 12544K, reserved 1048576K
}
Event: 66.486 GC heap after
{Heap after GC invocations=41 (full 0):
 garbage-first heap   total 187392K, used 104753K [0x0000000080000000, 0x0000000100000000)
  region size 1024K, 3 young (3072K), 3 survivors (3072K)
 Metaspace       used 91508K, capacity 93739K, committed 93988K, reserved 1130496K
  class space    used 11697K, capacity 12485K, committed 12544K, reserved 1048576K
}
Event: 67.200 GC heap before
{Heap before GC invocations=42 (full 0):
 garbage-first heap   total 187392K, used 145713K [0x0000000080000000, 0x0000000100000000)
  region size 1024K, 44 young (45056K), 3 survivors (3072K)
 Metaspace       used 92110K, capacity 94275K, committed 94628K, reserved 1132544K
  class space    used 11756K, capacity 12557K, committed 12672K, reserved 1048576K
}
Event: 67.252 GC heap after
{Heap after GC invocations=43 (full 0):
 garbage-first heap   total 187392K, used 111274K [0x0000000080000000, 0x0000000100000000)
  region size 1024K, 6 young (6144K), 6 survivors (6144K)
 Metaspace       used 92110K, capacity 94275K, committed 94628K, reserved 1132544K
  class space    used 11756K, capacity 12557K, committed 12672K, reserved 1048576K
}
Event: 69.389 GC heap before
{Heap before GC invocations=43 (full 0):
 garbage-first heap   total 187392K, used 149162K [0x0000000080000000, 0x0000000100000000)
  region size 1024K, 44 young (45056K), 6 survivors (6144K)
 Metaspace       used 97652K, capacity 99991K, committed 100260K, reserved 1136640K
  class space    used 12488K, capacity 13375K, committed 13440K, reserved 1048576K
}

Deoptimization events (20 events):
Event: 67.621 Thread 0x000001e93ceee000 DEOPT PACKING pc=0x000001e92714fa24 sp=0x00000011902f9f00
Event: 67.621 Thread 0x000001e93ceee000 DEOPT UNPACKING pc=0x000001e91f44662f sp=0x00000011902f9e98 mode 2
Event: 68.115 Thread 0x000001e93ceee000 DEOPT PACKING pc=0x000001e9201f96f1 sp=0x00000011902f92c0
Event: 68.115 Thread 0x000001e93ceee000 DEOPT UNPACKING pc=0x000001e91f446dde sp=0x00000011902f87b8 mode 0
Event: 68.127 Thread 0x000001e93ceee000 Uncommon trap: trap_request=0xffffffde fr.pc=0x000001e9272ab744 relative=0x0000000000001324
Event: 68.127 Thread 0x000001e93ceee000 Uncommon trap: reason=class_check action=maybe_recompile pc=0x000001e9272ab744 method=jdk.internal.loader.BuiltinClassLoader.loadClassOrNull(Ljava/lang/String;Z)Ljava/lang/Class; @ 66 c2
Event: 68.127 Thread 0x000001e93ceee000 DEOPT PACKING pc=0x000001e9272ab744 sp=0x00000011902f7290
Event: 68.127 Thread 0x000001e93ceee000 DEOPT UNPACKING pc=0x000001e91f44662f sp=0x00000011902f7258 mode 2
Event: 68.129 Thread 0x000001e93ceee000 Uncommon trap: trap_request=0xffffffde fr.pc=0x000001e9272ab744 relative=0x0000000000001324
Event: 68.129 Thread 0x000001e93ceee000 Uncommon trap: reason=class_check action=maybe_recompile pc=0x000001e9272ab744 method=jdk.internal.loader.BuiltinClassLoader.loadClassOrNull(Ljava/lang/String;Z)Ljava/lang/Class; @ 66 c2
Event: 68.129 Thread 0x000001e93ceee000 DEOPT PACKING pc=0x000001e9272ab744 sp=0x00000011902f6c80
Event: 68.129 Thread 0x000001e93ceee000 DEOPT UNPACKING pc=0x000001e91f44662f sp=0x00000011902f6c48 mode 2
Event: 68.131 Thread 0x000001e93ceee000 Uncommon trap: trap_request=0xffffffde fr.pc=0x000001e9272ab744 relative=0x0000000000001324
Event: 68.131 Thread 0x000001e93ceee000 Uncommon trap: reason=class_check action=maybe_recompile pc=0x000001e9272ab744 method=jdk.internal.loader.BuiltinClassLoader.loadClassOrNull(Ljava/lang/String;Z)Ljava/lang/Class; @ 66 c2
Event: 68.131 Thread 0x000001e93ceee000 DEOPT PACKING pc=0x000001e9272ab744 sp=0x00000011902f52e0
Event: 68.131 Thread 0x000001e93ceee000 DEOPT UNPACKING pc=0x000001e91f44662f sp=0x00000011902f52a8 mode 2
Event: 68.133 Thread 0x000001e93ceee000 Uncommon trap: trap_request=0xffffffde fr.pc=0x000001e9272ab744 relative=0x0000000000001324
Event: 68.133 Thread 0x000001e93ceee000 Uncommon trap: reason=class_check action=maybe_recompile pc=0x000001e9272ab744 method=jdk.internal.loader.BuiltinClassLoader.loadClassOrNull(Ljava/lang/String;Z)Ljava/lang/Class; @ 66 c2
Event: 68.133 Thread 0x000001e93ceee000 DEOPT PACKING pc=0x000001e9272ab744 sp=0x00000011902f6e70
Event: 68.134 Thread 0x000001e93ceee000 DEOPT UNPACKING pc=0x000001e91f44662f sp=0x00000011902f6e38 mode 2

Classes redefined (0 events):
No events

Internal exceptions (20 events):
Event: 47.845 Thread 0x000001e93cee6800 Exception <a 'java/lang/NoSuchMethodError'{0x000000008807afc0}: <clinit>> (0x000000008807afc0) thrown at [./src/hotspot/share/prims/jni.cpp, line 1362]
Event: 47.848 Thread 0x000001e93cee6800 Exception <a 'java/lang/NoSuchMethodError'{0x00000000880b1f00}: <clinit>> (0x00000000880b1f00) thrown at [./src/hotspot/share/prims/jni.cpp, line 1362]
Event: 47.849 Thread 0x000001e93cee6800 Exception <a 'java/lang/NoSuchMethodError'{0x00000000880c4a58}: <clinit>> (0x00000000880c4a58) thrown at [./src/hotspot/share/prims/jni.cpp, line 1362]
Event: 47.913 Thread 0x000001e93cef0800 Implicit null exception at 0x000001e9273dd148 to 0x000001e9273dd458
Event: 48.653 Thread 0x000001e93cee9000 Exception <a 'java/lang/NoSuchMethodError'{0x0000000088f6f1d0}: 'int java.lang.invoke.DirectMethodHandle$Holder.invokeSpecial(java.lang.Object, java.lang.Object, java.lang.Object, java.lang.Object, java.lang.Object)'> (0x0000000088f6f1d0) thrown at [./src/hotspot/share/interpreter/linkResolver.cpp, line 773]
Event: 51.788 Thread 0x000001e93cef0800 Exception <a 'java/lang/NoSuchMethodError'{0x000000008ab1b7e0}: 'void java.lang.invoke.DirectMethodHandle$Holder.invokeStatic(java.lang.Object, long)'> (0x000000008ab1b7e0) thrown at [./src/hotspot/share/interpreter/linkResolver.cpp, line 773]
Event: 51.798 Thread 0x000001e93cef0800 Exception <a 'java/lang/NoSuchMethodError'{0x000000008ab209f8}: 'java.lang.Object java.lang.invoke.DirectMethodHandle$Holder.invokeStatic(java.lang.Object, long)'> (0x000000008ab209f8) thrown at [./src/hotspot/share/interpreter/linkResolver.cpp, line 773]
Event: 51.827 Thread 0x000001e93cef0800 Exception <a 'java/lang/NoSuchMethodError'{0x000000008ab2ed60}: 'java.lang.Object java.lang.invoke.DirectMethodHandle$Holder.invokeStaticInit(java.lang.Object, java.lang.Object, long, java.lang.Object)'> (0x000000008ab2ed60) thrown at [./src/hotspot/share/interpreter/linkResolver.cpp, line 773]
Event: 51.828 Thread 0x000001e93cef0800 Exception <a 'java/lang/NoSuchMethodError'{0x000000008ab34ef8}: 'java.lang.Object java.lang.invoke.DirectMethodHandle$Holder.invokeStatic(java.lang.Object, java.lang.Object, long)'> (0x000000008ab34ef8) thrown at [./src/hotspot/share/interpreter/linkResolver.cpp, line 773]
Event: 51.829 Thread 0x000001e93cef0800 Exception <a 'java/lang/NoSuchMethodError'{0x000000008ab3b470}: 'java.lang.Object java.lang.invoke.Invokers$Holder.linkToTargetMethod(java.lang.Object, long, java.lang.Object)'> (0x000000008ab3b470) thrown at [./src/hotspot/share/interpreter/linkResolver.cpp, line 773]
Event: 53.301 Thread 0x000001e93cef0800 Exception <a 'java/lang/NoSuchMethodError'{0x000000008aaa1540}: 'int java.lang.invoke.DirectMethodHandle$Holder.invokeSpecialIFC(java.lang.Object, java.lang.Object, java.lang.Object)'> (0x000000008aaa1540) thrown at [./src/hotspot/share/interpreter/linkResolver.cpp, line 773]
Event: 62.319 Thread 0x000001e93cef0800 Exception <a 'sun/nio/fs/WindowsException'{0x00000000886d2358}> (0x00000000886d2358) thrown at [./src/hotspot/share/prims/jni.cpp, line 615]
Event: 62.350 Thread 0x000001e93cef0800 Exception <a 'sun/nio/fs/WindowsException'{0x00000000886f6d80}> (0x00000000886f6d80) thrown at [./src/hotspot/share/prims/jni.cpp, line 615]
Event: 62.365 Thread 0x000001e93cef0800 Exception <a 'sun/nio/fs/WindowsException'{0x00000000886f6e68}> (0x00000000886f6e68) thrown at [./src/hotspot/share/prims/jni.cpp, line 615]
Event: 62.482 Thread 0x000001e93cef0800 Implicit null exception at 0x000001e927481300 to 0x000001e92748146c
Event: 64.931 Thread 0x000001e93cee6800 Exception <a 'java/lang/NoSuchMethodError'{0x000000008a171b10}: 'void java.lang.invoke.DirectMethodHandle$Holder.invokeStatic(java.lang.Object, java.lang.Object, java.lang.Object, java.lang.Object, java.lang.Object, java.lang.Object, java.lang.Object)'> (0x000000008a171b10) thrown at [./src/hotspot/share/interpreter/linkResolver.cpp, line 773]
Event: 67.621 Thread 0x000001e93ceee000 Implicit null exception at 0x000001e92714f877 to 0x000001e92714fa0c
Event: 67.657 Thread 0x000001e93ceee000 Exception <a 'java/lang/NoSuchMethodError'{0x000000008ac38158}: 'int java.lang.invoke.DirectMethodHandle$Holder.invokeVirtual(java.lang.Object, java.lang.Object, java.lang.Object)'> (0x000000008ac38158) thrown at [./src/hotspot/share/interpreter/linkResolver.cpp, line 773]
Event: 68.987 Thread 0x000001e93ceee000 Exception <a 'sun/nio/fs/WindowsException'{0x000000008a1e63e0}> (0x000000008a1e63e0) thrown at [./src/hotspot/share/prims/jni.cpp, line 615]
Event: 68.993 Thread 0x000001e93ceee000 Exception <a 'java/lang/NoSuchMethodError'{0x000000008a1f2440}: 'java.lang.Object java.lang.invoke.Invokers$Holder.linkToTargetMethod(java.lang.Object, java.lang.Object, java.lang.Object, int, int, java.lang.Object)'> (0x000000008a1f2440) thrown at [./src/hotspot/share/interpreter/linkResolver.cpp, line 773]

Events (20 events):
Event: 69.307 loading class com/sun/tools/javac/code/Symtab done
Event: 69.308 loading class com/sun/tools/javac/comp/Operators$OperatorType
Event: 69.308 loading class com/sun/tools/javac/comp/Operators$OperatorType done
Event: 69.308 loading class com/sun/tools/javac/code/Symbol$OperatorSymbol
Event: 69.308 loading class com/sun/tools/javac/code/Symbol$OperatorSymbol done
Event: 69.308 loading class com/sun/tools/javac/comp/Operators$UnaryOperatorHelper
Event: 69.308 loading class com/sun/tools/javac/comp/Operators$UnaryOperatorHelper done
Event: 69.309 loading class com/sun/tools/javac/code/Type
Event: 69.309 loading class com/sun/tools/javac/code/Type done
Event: 69.312 loading class com/sun/tools/javac/comp/Operators$OperatorType
Event: 69.312 loading class com/sun/tools/javac/comp/Operators$OperatorType done
Event: 69.312 loading class com/sun/tools/javac/code/Symbol$OperatorSymbol
Event: 69.312 loading class com/sun/tools/javac/code/Symbol$OperatorSymbol done
Event: 69.312 loading class com/sun/tools/javac/comp/Operators$BinaryOperatorHelper
Event: 69.312 loading class com/sun/tools/javac/comp/Operators$BinaryOperatorHelper done
Event: 69.313 loading class com/sun/tools/javac/code/Type
Event: 69.313 loading class com/sun/tools/javac/code/Type done
Event: 69.350 Executing VM operation: Deoptimize
Event: 69.353 Executing VM operation: Deoptimize done
Event: 69.388 Executing VM operation: G1CollectForAllocation


Dynamic libraries:
0x00007ff6abf50000 - 0x00007ff6abf5a000 	C:\Program Files\Android\Android Studio\jre\bin\java.exe
0x00007ffce8af0000 - 0x00007ffce8ce5000 	C:\Windows\SYSTEM32\ntdll.dll
0x00007ffce7980000 - 0x00007ffce7a3e000 	C:\Windows\System32\KERNEL32.DLL
0x00007ffce67c0000 - 0x00007ffce6a88000 	C:\Windows\System32\KERNELBASE.dll
0x00007ffce65c0000 - 0x00007ffce66c0000 	C:\Windows\System32\ucrtbase.dll
0x00007ffce1930000 - 0x00007ffce1949000 	C:\Program Files\Android\Android Studio\jre\bin\jli.dll
0x00007ffcdf5b0000 - 0x00007ffcdf5c7000 	C:\Program Files\Android\Android Studio\jre\bin\VCRUNTIME140.dll
0x00007ffce7270000 - 0x00007ffce7410000 	C:\Windows\System32\USER32.dll
0x00007ffce6210000 - 0x00007ffce6232000 	C:\Windows\System32\win32u.dll
0x00007ffce7950000 - 0x00007ffce797a000 	C:\Windows\System32\GDI32.dll
0x00007ffce64b0000 - 0x00007ffce65bb000 	C:\Windows\System32\gdi32full.dll
0x00007ffce6410000 - 0x00007ffce64ad000 	C:\Windows\System32\msvcp_win.dll
0x00007ffcc72c0000 - 0x00007ffcc755a000 	C:\Windows\WinSxS\amd64_microsoft.windows.common-controls_6595b64144ccf1df_6.0.19041.1110_none_60b5254171f9507e\COMCTL32.dll
0x00007ffce76c0000 - 0x00007ffce775e000 	C:\Windows\System32\msvcrt.dll
0x00007ffce8890000 - 0x00007ffce88c0000 	C:\Windows\System32\IMM32.DLL
0x00007ffcadc80000 - 0x00007ffcadd1d000 	C:\Program Files\Android\Android Studio\jre\bin\msvcp140.dll
0x00007ffc7f760000 - 0x00007ffc80235000 	C:\Program Files\Android\Android Studio\jre\bin\server\jvm.dll
0x00007ffce87d0000 - 0x00007ffce887e000 	C:\Windows\System32\ADVAPI32.dll
0x00007ffce7760000 - 0x00007ffce77fc000 	C:\Windows\System32\sechost.dll
0x00007ffce6b50000 - 0x00007ffce6c75000 	C:\Windows\System32\RPCRT4.dll
0x00007ffce8aa0000 - 0x00007ffce8aa8000 	C:\Windows\System32\PSAPI.DLL
0x00007ffcc9b90000 - 0x00007ffcc9b99000 	C:\Windows\SYSTEM32\WSOCK32.dll
0x00007ffcdf7a0000 - 0x00007ffcdf7aa000 	C:\Windows\SYSTEM32\VERSION.dll
0x00007ffcca2e0000 - 0x00007ffcca307000 	C:\Windows\SYSTEM32\WINMM.dll
0x00007ffce78e0000 - 0x00007ffce794b000 	C:\Windows\System32\WS2_32.dll
0x00007ffce4b10000 - 0x00007ffce4b22000 	C:\Windows\SYSTEM32\kernel.appcore.dll
0x00007ffce42d0000 - 0x00007ffce42e1000 	C:\Program Files\Android\Android Studio\jre\bin\verify.dll
0x00007ffce3ee0000 - 0x00007ffce40c4000 	C:\Windows\SYSTEM32\DBGHELP.DLL
0x00007ffcc8f80000 - 0x00007ffcc8fac000 	C:\Windows\SYSTEM32\dbgcore.DLL
0x00007ffce6ac0000 - 0x00007ffce6b42000 	C:\Windows\System32\bcryptPrimitives.dll
0x00007ffcc9f20000 - 0x00007ffcc9f49000 	C:\Program Files\Android\Android Studio\jre\bin\java.dll
0x00007ffce42c0000 - 0x00007ffce42cb000 	C:\Program Files\Android\Android Studio\jre\bin\jimage.dll
0x00007ffce1640000 - 0x00007ffce1658000 	C:\Program Files\Android\Android Studio\jre\bin\zip.dll
0x00007ffce8020000 - 0x00007ffce8764000 	C:\Windows\System32\SHELL32.dll
0x00007ffce4310000 - 0x00007ffce4aa4000 	C:\Windows\SYSTEM32\windows.storage.dll
0x00007ffce7cc0000 - 0x00007ffce8014000 	C:\Windows\System32\combase.dll
0x00007ffce5c80000 - 0x00007ffce5cac000 	C:\Windows\SYSTEM32\Wldp.dll
0x00007ffce89f0000 - 0x00007ffce8a9d000 	C:\Windows\System32\SHCORE.dll
0x00007ffce8770000 - 0x00007ffce87c5000 	C:\Windows\System32\shlwapi.dll
0x00007ffce6150000 - 0x00007ffce616f000 	C:\Windows\SYSTEM32\profapi.dll
0x00007ffce0cc0000 - 0x00007ffce0cda000 	C:\Program Files\Android\Android Studio\jre\bin\net.dll
0x00007ffcd70e0000 - 0x00007ffcd71ea000 	C:\Windows\SYSTEM32\WINHTTP.dll
0x00007ffce59e0000 - 0x00007ffce5a4a000 	C:\Windows\system32\mswsock.dll
0x00007ffce0be0000 - 0x00007ffce0bf4000 	C:\Program Files\Android\Android Studio\jre\bin\nio.dll
0x00007ffcca1b0000 - 0x00007ffcca1d7000 	C:\Users\Alex\.gradle\native\e1d6ef7f7dcc3fd88c89a11ec53ec762bb8ba0a96d01ffa2cd45eb1d1d8dd5c5\windows-amd64\native-platform.dll
0x00007ffcad890000 - 0x00007ffcad9d4000 	C:\Users\Alex\.gradle\native\5664cfc778a61ccfe75a443a1ab52a65af34e5dc3c78e0209fed803814484fcb\windows-amd64\native-platform-file-events.dll
0x00007ffce4250000 - 0x00007ffce425a000 	C:\Program Files\Android\Android Studio\jre\bin\management.dll
0x00007ffce4230000 - 0x00007ffce423d000 	C:\Program Files\Android\Android Studio\jre\bin\management_ext.dll
0x00007ffce5bd0000 - 0x00007ffce5be8000 	C:\Windows\SYSTEM32\CRYPTSP.dll
0x00007ffce52f0000 - 0x00007ffce5324000 	C:\Windows\system32\rsaenh.dll
0x00007ffce6a90000 - 0x00007ffce6ab7000 	C:\Windows\System32\bcrypt.dll
0x00007ffce6110000 - 0x00007ffce613e000 	C:\Windows\SYSTEM32\USERENV.dll
0x00007ffce5bf0000 - 0x00007ffce5bfc000 	C:\Windows\SYSTEM32\CRYPTBASE.dll
0x00007ffce5680000 - 0x00007ffce56bb000 	C:\Windows\SYSTEM32\IPHLPAPI.DLL
0x00007ffce76b0000 - 0x00007ffce76b8000 	C:\Windows\System32\NSI.dll
0x00007ffcde000000 - 0x00007ffcde017000 	C:\Windows\SYSTEM32\dhcpcsvc6.DLL
0x00007ffcdf480000 - 0x00007ffcdf49d000 	C:\Windows\SYSTEM32\dhcpcsvc.DLL
0x00007ffce56c0000 - 0x00007ffce578b000 	C:\Windows\SYSTEM32\DNSAPI.dll

dbghelp: loaded successfully - version: 4.0.5 - missing functions: none
symbol engine: initialized successfully - sym options: 0x614 - pdb path: .;C:\Program Files\Android\Android Studio\jre\bin;C:\Windows\SYSTEM32;C:\Windows\WinSxS\amd64_microsoft.windows.common-controls_6595b64144ccf1df_6.0.19041.1110_none_60b5254171f9507e;C:\Program Files\Android\Android Studio\jre\bin\server;C:\Users\Alex\.gradle\native\e1d6ef7f7dcc3fd88c89a11ec53ec762bb8ba0a96d01ffa2cd45eb1d1d8dd5c5\windows-amd64;C:\Users\Alex\.gradle\native\5664cfc778a61ccfe75a443a1ab52a65af34e5dc3c78e0209fed803814484fcb\windows-amd64

VM Arguments:
jvm_args: --add-opens=java.base/java.util=ALL-UNNAMED --add-opens=java.base/java.lang=ALL-UNNAMED --add-opens=java.base/java.lang.invoke=ALL-UNNAMED --add-opens=java.base/java.util=ALL-UNNAMED --add-opens=java.prefs/java.util.prefs=ALL-UNNAMED --add-opens=java.prefs/java.util.prefs=ALL-UNNAMED --add-opens=java.base/java.nio.charset=ALL-UNNAMED --add-opens=java.base/java.net=ALL-UNNAMED --add-opens=java.base/java.util.concurrent.atomic=ALL-UNNAMED -Xmx2048m -Dfile.encoding=UTF-8 -Duser.country=PE -Duser.language=es -Duser.variant 
java_command: org.gradle.launcher.daemon.bootstrap.GradleDaemon 7.2
java_class_path (initial): C:\Users\Alex\.gradle\wrapper\dists\gradle-7.2-bin\2dnblmf4td7x66yl1d74lt32g\gradle-7.2\lib\gradle-launcher-7.2.jar
Launcher Type: SUN_STANDARD

[Global flags]
     intx CICompilerCount                          = 4                                         {product} {ergonomic}
     uint ConcGCThreads                            = 2                                         {product} {ergonomic}
     uint G1ConcRefinementThreads                  = 8                                         {product} {ergonomic}
   size_t G1HeapRegionSize                         = 1048576                                   {product} {ergonomic}
    uintx GCDrainStackTargetSize                   = 64                                        {product} {ergonomic}
   size_t InitialHeapSize                          = 132120576                                 {product} {ergonomic}
   size_t MarkStackSize                            = 4194304                                   {product} {ergonomic}
   size_t MaxHeapSize                              = 2147483648                                {product} {command line}
   size_t MaxNewSize                               = 1287651328                                {product} {ergonomic}
   size_t MinHeapDeltaBytes                        = 1048576                                   {product} {ergonomic}
    uintx NonNMethodCodeHeapSize                   = 5836300                                {pd product} {ergonomic}
    uintx NonProfiledCodeHeapSize                  = 122910970                              {pd product} {ergonomic}
    uintx ProfiledCodeHeapSize                     = 122910970                              {pd product} {ergonomic}
    uintx ReservedCodeCacheSize                    = 251658240                              {pd product} {ergonomic}
     bool SegmentedCodeCache                       = true                                      {product} {ergonomic}
     bool UseCompressedClassPointers               = true                                 {lp64_product} {ergonomic}
     bool UseCompressedOops                        = true                                 {lp64_product} {ergonomic}
     bool UseG1GC                                  = true                                      {product} {ergonomic}
     bool UseLargePagesIndividualAllocation        = false                                  {pd product} {ergonomic}

Logging:
Log output configuration:
 #0: stdout all=warning uptime,level,tags
 #1: stderr all=off uptime,level,tags

Environment Variables:
PATH=C:\Program Files (x86)\Common Files\Oracle\Java\javapath;C:\Windows\system32;C:\Windows;C:\Windows\System32\Wbem;C:\Windows\System32\WindowsPowerShell\v1.0\;C:\Windows\System32\OpenSSH\;C:\Program Files (x86)\NVIDIA Corporation\PhysX\Common;C:\Program Files\NVIDIA Corporation\NVIDIA NvDLISR;C:\Program Files\Microsoft SQL Server\150\Tools\Binn\;C:\Program Files\Microsoft SQL Server\Client SDK\ODBC\170\Tools\Binn\;C:\Program Files\dotnet\;C:\Program Files (x86)\Microsoft SQL Server\150\Tools\Binn\;C:\Program Files\Microsoft SQL Server\150\DTS\Binn\;C:\Program Files (x86)\Microsoft SQL Server\150\DTS\Binn\;C:\Program Files\Azure Data Studio\bin;C:\Program Files (x86)\dotnet\;C:\Program Files\Git\cmd;C:\Users\Alex\AppData\Local\Programs\Python\Python310\Scripts\;C:\Users\Alex\AppData\Local\Programs\Python\Python310\;C:\Users\Alex\AppData\Local\Microsoft\WindowsApps;C:\Users\Alex\.dotnet\tools;C:\Program Files\Azure Data Studio\bin;C:\Program Files\JetBrains\PyCharm Community Edition 2021.3.3\bin;;C:\Users\Alex\AppData\Local\Programs\Microsoft VS Code\bin
USERNAME=Alex
OS=Windows_NT
PROCESSOR_IDENTIFIER=Intel64 Family 6 Model 165 Stepping 2, GenuineIntel



---------------  S Y S T E M  ---------------

OS: Windows 10 , 64 bit Build 19041 (10.0.19041.1645)
OS uptime: 5 days 4:14 hours

CPU:total 8 (initial active 8) (4 cores per cpu, 2 threads per core) family 6 model 165 stepping 2 microcode 0xe2, cmov, cx8, fxsr, mmx, sse, sse2, sse3, ssse3, sse4.1, sse4.2, popcnt, avx, avx2, aes, clmul, erms, 3dnowpref, lzcnt, ht, tsc, tscinvbit, bmi1, bmi2, adx, fma

Memory: 4k page, system-wide physical 8023M (24M free)
TotalPageFile size 32589M (AvailPageFile size 127M)
current process WorkingSet (physical memory assigned to process): 170M, peak: 317M
current process commit charge ("private bytes"): 491M, peak: 626M

vm_info: OpenJDK 64-Bit Server VM (11.0.11+9-b60-7590822) for windows-amd64 JRE (11.0.11+9-b60-7590822), built on Jul 29 2021 21:43:44 by "builder" with MS VC++ 14.0 (VS2015)

END.
